2025-10-06T10:19:35.477+05:30  INFO 30200 --- [main] c.a.w.WebapplicationApplication          : Starting WebapplicationApplication using Java 21.0.7 with PID 30200 (D:\AbinavWorkSpace\webapplication\target\classes started by abina in D:\AbinavWorkSpace\webapplication)
2025-10-06T10:19:35.491+05:30  INFO 30200 --- [main] c.a.w.WebapplicationApplication          : No active profile set, falling back to 1 default profile: "default"
2025-10-06T10:19:38.224+05:30  INFO 30200 --- [main] .s.d.r.c.RepositoryConfigurationDelegate : Bootstrapping Spring Data JPA repositories in DEFAULT mode.
2025-10-06T10:19:38.403+05:30  INFO 30200 --- [main] .s.d.r.c.RepositoryConfigurationDelegate : Finished Spring Data repository scanning in 153 ms. Found 1 JPA repository interface.
2025-10-06T10:19:40.321+05:30  INFO 30200 --- [main] o.s.b.w.embedded.tomcat.TomcatWebServer  : Tomcat initialized with port 8080 (http)
2025-10-06T10:19:40.364+05:30  INFO 30200 --- [main] o.apache.catalina.core.StandardService   : Starting service [Tomcat]
2025-10-06T10:19:40.365+05:30  INFO 30200 --- [main] o.apache.catalina.core.StandardEngine    : Starting Servlet engine: [Apache Tomcat/10.1.41]
2025-10-06T10:19:40.653+05:30  INFO 30200 --- [main] o.a.c.c.C.[Tomcat].[localhost].[/]       : Initializing Spring embedded WebApplicationContext
2025-10-06T10:19:40.654+05:30  INFO 30200 --- [main] w.s.c.ServletWebServerApplicationContext : Root WebApplicationContext: initialization completed in 4948 ms
2025-10-06T10:19:40.999+05:30  INFO 30200 --- [main] o.hibernate.jpa.internal.util.LogHelper  : HHH000204: Processing PersistenceUnitInfo [name: default]
2025-10-06T10:19:41.174+05:30  INFO 30200 --- [main] org.hibernate.Version                    : HHH000412: Hibernate ORM core version 6.6.15.Final
2025-10-06T10:19:41.282+05:30  INFO 30200 --- [main] o.h.c.internal.RegionFactoryInitiator    : HHH000026: Second-level cache disabled
2025-10-06T10:19:42.299+05:30  INFO 30200 --- [main] o.s.o.j.p.SpringPersistenceUnitInfo      : No LoadTimeWeaver setup: ignoring JPA class transformer
2025-10-06T10:19:42.386+05:30  INFO 30200 --- [main] com.zaxxer.hikari.HikariDataSource       : HikariPool-1 - Starting...
2025-10-06T10:19:45.012+05:30  INFO 30200 --- [main] com.zaxxer.hikari.pool.HikariPool        : HikariPool-1 - Added connection com.mysql.cj.jdbc.ConnectionImpl@46a388cc
2025-10-06T10:19:45.017+05:30  INFO 30200 --- [main] com.zaxxer.hikari.HikariDataSource       : HikariPool-1 - Start completed.
2025-10-06T10:19:47.328+05:30  INFO 30200 --- [main] org.hibernate.orm.connections.pooling    : HHH10001005: Database info:
	Database JDBC URL [Connecting through datasource 'HikariDataSource (HikariPool-1)']
	Database driver: undefined/unknown
	Database version: 8.0.42
	Autocommit mode: undefined/unknown
	Isolation level: undefined/unknown
	Minimum pool size: undefined/unknown
	Maximum pool size: undefined/unknown
2025-10-06T10:19:50.987+05:30  INFO 30200 --- [main] o.h.e.t.j.p.i.JtaPlatformInitiator       : HHH000489: No JTA platform available (set 'hibernate.transaction.jta.platform' to enable JTA platform integration)
2025-10-06T10:19:51.950+05:30  INFO 30200 --- [main] j.LocalContainerEntityManagerFactoryBean : Initialized JPA EntityManagerFactory for persistence unit 'default'
2025-10-06T10:19:53.304+05:30  INFO 30200 --- [main] eAuthenticationProviderManagerConfigurer : Global AuthenticationManager configured with AuthenticationProvider bean with name authenticationProvider
2025-10-06T10:19:53.305+05:30  WARN 30200 --- [main] r$InitializeUserDetailsManagerConfigurer : Global AuthenticationManager configured with an AuthenticationProvider bean. UserDetailsService beans will not be used by Spring Security for automatically configuring username/password login. Consider removing the AuthenticationProvider bean. Alternatively, consider using the UserDetailsService in a manually instantiated DaoAuthenticationProvider. If the current configuration is intentional, to turn off this warning, increase the logging level of 'org.springframework.security.config.annotation.authentication.configuration.InitializeUserDetailsBeanManagerConfigurer' to ERROR
2025-10-06T10:19:53.468+05:30  WARN 30200 --- [main] JpaBaseConfiguration$JpaWebConfiguration : spring.jpa.open-in-view is enabled by default. Therefore, database queries may be performed during view rendering. Explicitly configure spring.jpa.open-in-view to disable this warning
2025-10-06T10:19:55.447+05:30  INFO 30200 --- [main] o.s.b.w.embedded.tomcat.TomcatWebServer  : Tomcat started on port 8080 (http) with context path '/'
2025-10-06T10:19:55.470+05:30  INFO 30200 --- [main] c.a.w.WebapplicationApplication          : Started WebapplicationApplication in 21.469 seconds (process running for 23.057)
2025-10-06T10:20:57.795+05:30  INFO 30200 --- [http-nio-8080-exec-1] o.a.c.c.C.[Tomcat].[localhost].[/]       : Initializing Spring DispatcherServlet 'dispatcherServlet'
2025-10-06T10:20:57.795+05:30  INFO 30200 --- [http-nio-8080-exec-1] o.s.web.servlet.DispatcherServlet        : Initializing Servlet 'dispatcherServlet'
2025-10-06T10:20:57.798+05:30  INFO 30200 --- [http-nio-8080-exec-1] o.s.web.servlet.DispatcherServlet        : Completed initialization in 2 ms
2025-10-06T10:28:18.803+05:30  INFO 24344 --- [main] c.a.w.WebapplicationApplication          : Starting WebapplicationApplication using Java 21.0.7 with PID 24344 (D:\AbinavWorkSpace\webapplication\target\classes started by abina in D:\AbinavWorkSpace\webapplication)
2025-10-06T10:28:18.807+05:30  INFO 24344 --- [main] c.a.w.WebapplicationApplication          : No active profile set, falling back to 1 default profile: "default"
2025-10-06T10:28:20.475+05:30  INFO 24344 --- [main] .s.d.r.c.RepositoryConfigurationDelegate : Bootstrapping Spring Data JPA repositories in DEFAULT mode.
2025-10-06T10:28:20.616+05:30  INFO 24344 --- [main] .s.d.r.c.RepositoryConfigurationDelegate : Finished Spring Data repository scanning in 119 ms. Found 1 JPA repository interface.
2025-10-06T10:28:21.915+05:30  INFO 24344 --- [main] o.s.b.w.embedded.tomcat.TomcatWebServer  : Tomcat initialized with port 8080 (http)
2025-10-06T10:28:21.951+05:30  INFO 24344 --- [main] o.apache.catalina.core.StandardService   : Starting service [Tomcat]
2025-10-06T10:28:21.951+05:30  INFO 24344 --- [main] o.apache.catalina.core.StandardEngine    : Starting Servlet engine: [Apache Tomcat/10.1.41]
2025-10-06T10:28:22.079+05:30  INFO 24344 --- [main] o.a.c.c.C.[Tomcat].[localhost].[/]       : Initializing Spring embedded WebApplicationContext
2025-10-06T10:28:22.080+05:30  INFO 24344 --- [main] w.s.c.ServletWebServerApplicationContext : Root WebApplicationContext: initialization completed in 3169 ms
2025-10-06T10:28:23.379+05:30  INFO 24344 --- [main] o.hibernate.jpa.internal.util.LogHelper  : HHH000204: Processing PersistenceUnitInfo [name: default]
2025-10-06T10:28:23.619+05:30  INFO 24344 --- [main] org.hibernate.Version                    : HHH000412: Hibernate ORM core version 6.6.15.Final
2025-10-06T10:28:23.717+05:30  INFO 24344 --- [main] o.h.c.internal.RegionFactoryInitiator    : HHH000026: Second-level cache disabled
2025-10-06T10:28:24.367+05:30  INFO 24344 --- [main] o.s.o.j.p.SpringPersistenceUnitInfo      : No LoadTimeWeaver setup: ignoring JPA class transformer
2025-10-06T10:28:24.510+05:30  INFO 24344 --- [main] com.zaxxer.hikari.HikariDataSource       : HikariPool-1 - Starting...
2025-10-06T10:28:25.754+05:30  INFO 24344 --- [main] com.zaxxer.hikari.pool.HikariPool        : HikariPool-1 - Added connection com.mysql.cj.jdbc.ConnectionImpl@3c9f4376
2025-10-06T10:28:25.759+05:30  INFO 24344 --- [main] com.zaxxer.hikari.HikariDataSource       : HikariPool-1 - Start completed.
2025-10-06T10:28:26.785+05:30  INFO 24344 --- [main] org.hibernate.orm.connections.pooling    : HHH10001005: Database info:
	Database JDBC URL [Connecting through datasource 'HikariDataSource (HikariPool-1)']
	Database driver: undefined/unknown
	Database version: 8.0.42
	Autocommit mode: undefined/unknown
	Isolation level: undefined/unknown
	Minimum pool size: undefined/unknown
	Maximum pool size: undefined/unknown
2025-10-06T10:28:28.156+05:30  INFO 24344 --- [main] o.h.e.t.j.p.i.JtaPlatformInitiator       : HHH000489: No JTA platform available (set 'hibernate.transaction.jta.platform' to enable JTA platform integration)
2025-10-06T10:28:28.454+05:30  INFO 24344 --- [main] j.LocalContainerEntityManagerFactoryBean : Initialized JPA EntityManagerFactory for persistence unit 'default'
2025-10-06T10:28:29.422+05:30  INFO 24344 --- [main] eAuthenticationProviderManagerConfigurer : Global AuthenticationManager configured with AuthenticationProvider bean with name authenticationProvider
2025-10-06T10:28:29.425+05:30  WARN 24344 --- [main] r$InitializeUserDetailsManagerConfigurer : Global AuthenticationManager configured with an AuthenticationProvider bean. UserDetailsService beans will not be used by Spring Security for automatically configuring username/password login. Consider removing the AuthenticationProvider bean. Alternatively, consider using the UserDetailsService in a manually instantiated DaoAuthenticationProvider. If the current configuration is intentional, to turn off this warning, increase the logging level of 'org.springframework.security.config.annotation.authentication.configuration.InitializeUserDetailsBeanManagerConfigurer' to ERROR
2025-10-06T10:28:29.511+05:30  WARN 24344 --- [main] JpaBaseConfiguration$JpaWebConfiguration : spring.jpa.open-in-view is enabled by default. Therefore, database queries may be performed during view rendering. Explicitly configure spring.jpa.open-in-view to disable this warning
2025-10-06T10:28:30.788+05:30  INFO 24344 --- [main] o.s.b.w.embedded.tomcat.TomcatWebServer  : Tomcat started on port 8080 (http) with context path '/'
2025-10-06T10:28:30.808+05:30  INFO 24344 --- [main] c.a.w.WebapplicationApplication          : Started WebapplicationApplication in 13.191 seconds (process running for 13.989)
2025-10-06T10:28:31.655+05:30  INFO 24344 --- [http-nio-8080-exec-1] o.a.c.c.C.[Tomcat].[localhost].[/]       : Initializing Spring DispatcherServlet 'dispatcherServlet'
2025-10-06T10:28:31.657+05:30  INFO 24344 --- [http-nio-8080-exec-1] o.s.web.servlet.DispatcherServlet        : Initializing Servlet 'dispatcherServlet'
2025-10-06T10:28:31.659+05:30  INFO 24344 --- [http-nio-8080-exec-1] o.s.web.servlet.DispatcherServlet        : Completed initialization in 2 ms
2025-10-06T10:47:41.509+05:30  INFO 23500 --- [main] c.a.w.WebapplicationApplication          : Starting WebapplicationApplication using Java 21.0.7 with PID 23500 (D:\AbinavWorkSpace\webapplication\target\classes started by abina in D:\AbinavWorkSpace\webapplication)
2025-10-06T10:47:41.542+05:30  INFO 23500 --- [main] c.a.w.WebapplicationApplication          : No active profile set, falling back to 1 default profile: "default"
2025-10-06T10:47:43.490+05:30  INFO 23500 --- [main] .s.d.r.c.RepositoryConfigurationDelegate : Bootstrapping Spring Data JPA repositories in DEFAULT mode.
2025-10-06T10:47:43.631+05:30  INFO 23500 --- [main] .s.d.r.c.RepositoryConfigurationDelegate : Finished Spring Data repository scanning in 114 ms. Found 1 JPA repository interface.
2025-10-06T10:47:45.286+05:30  INFO 23500 --- [main] o.s.b.w.embedded.tomcat.TomcatWebServer  : Tomcat initialized with port 8080 (http)
2025-10-06T10:47:45.347+05:30  INFO 23500 --- [main] o.apache.catalina.core.StandardService   : Starting service [Tomcat]
2025-10-06T10:47:45.348+05:30  INFO 23500 --- [main] o.apache.catalina.core.StandardEngine    : Starting Servlet engine: [Apache Tomcat/10.1.41]
2025-10-06T10:47:45.625+05:30  INFO 23500 --- [main] o.a.c.c.C.[Tomcat].[localhost].[/]       : Initializing Spring embedded WebApplicationContext
2025-10-06T10:47:45.626+05:30  INFO 23500 --- [main] w.s.c.ServletWebServerApplicationContext : Root WebApplicationContext: initialization completed in 3980 ms
2025-10-06T10:47:46.138+05:30  INFO 23500 --- [main] o.hibernate.jpa.internal.util.LogHelper  : HHH000204: Processing PersistenceUnitInfo [name: default]
2025-10-06T10:47:46.392+05:30  INFO 23500 --- [main] org.hibernate.Version                    : HHH000412: Hibernate ORM core version 6.6.15.Final
2025-10-06T10:47:46.507+05:30  INFO 23500 --- [main] o.h.c.internal.RegionFactoryInitiator    : HHH000026: Second-level cache disabled
2025-10-06T10:47:47.558+05:30  INFO 23500 --- [main] o.s.o.j.p.SpringPersistenceUnitInfo      : No LoadTimeWeaver setup: ignoring JPA class transformer
2025-10-06T10:47:47.634+05:30  INFO 23500 --- [main] com.zaxxer.hikari.HikariDataSource       : HikariPool-1 - Starting...
2025-10-06T10:47:49.150+05:30  INFO 23500 --- [main] com.zaxxer.hikari.pool.HikariPool        : HikariPool-1 - Added connection com.mysql.cj.jdbc.ConnectionImpl@3c9f4376
2025-10-06T10:47:49.154+05:30  INFO 23500 --- [main] com.zaxxer.hikari.HikariDataSource       : HikariPool-1 - Start completed.
2025-10-06T10:47:49.942+05:30  INFO 23500 --- [main] org.hibernate.orm.connections.pooling    : HHH10001005: Database info:
	Database JDBC URL [Connecting through datasource 'HikariDataSource (HikariPool-1)']
	Database driver: undefined/unknown
	Database version: 8.0.42
	Autocommit mode: undefined/unknown
	Isolation level: undefined/unknown
	Minimum pool size: undefined/unknown
	Maximum pool size: undefined/unknown
2025-10-06T10:47:51.893+05:30  INFO 23500 --- [main] o.h.e.t.j.p.i.JtaPlatformInitiator       : HHH000489: No JTA platform available (set 'hibernate.transaction.jta.platform' to enable JTA platform integration)
2025-10-06T10:47:52.466+05:30  INFO 23500 --- [main] j.LocalContainerEntityManagerFactoryBean : Initialized JPA EntityManagerFactory for persistence unit 'default'
2025-10-06T10:47:53.486+05:30  INFO 23500 --- [main] eAuthenticationProviderManagerConfigurer : Global AuthenticationManager configured with AuthenticationProvider bean with name authenticationProvider
2025-10-06T10:47:53.489+05:30  WARN 23500 --- [main] r$InitializeUserDetailsManagerConfigurer : Global AuthenticationManager configured with an AuthenticationProvider bean. UserDetailsService beans will not be used by Spring Security for automatically configuring username/password login. Consider removing the AuthenticationProvider bean. Alternatively, consider using the UserDetailsService in a manually instantiated DaoAuthenticationProvider. If the current configuration is intentional, to turn off this warning, increase the logging level of 'org.springframework.security.config.annotation.authentication.configuration.InitializeUserDetailsBeanManagerConfigurer' to ERROR
2025-10-06T10:47:53.663+05:30  WARN 23500 --- [main] JpaBaseConfiguration$JpaWebConfiguration : spring.jpa.open-in-view is enabled by default. Therefore, database queries may be performed during view rendering. Explicitly configure spring.jpa.open-in-view to disable this warning
2025-10-06T10:47:58.061+05:30  INFO 23500 --- [main] o.s.b.w.embedded.tomcat.TomcatWebServer  : Tomcat started on port 8080 (http) with context path '/'
2025-10-06T10:47:58.080+05:30  INFO 23500 --- [main] c.a.w.WebapplicationApplication          : Started WebapplicationApplication in 17.682 seconds (process running for 18.313)
2025-10-06T10:48:23.668+05:30  INFO 23500 --- [http-nio-8080-exec-1] o.a.c.c.C.[Tomcat].[localhost].[/]       : Initializing Spring DispatcherServlet 'dispatcherServlet'
2025-10-06T10:48:23.674+05:30  INFO 23500 --- [http-nio-8080-exec-1] o.s.web.servlet.DispatcherServlet        : Initializing Servlet 'dispatcherServlet'
2025-10-06T10:48:23.697+05:30  INFO 23500 --- [http-nio-8080-exec-1] o.s.web.servlet.DispatcherServlet        : Completed initialization in 12 ms
2025-10-06T10:58:16.699+05:30  INFO 26916 --- [main] c.a.w.WebapplicationApplication          : Starting WebapplicationApplication using Java 21.0.7 with PID 26916 (D:\AbinavWorkSpace\webapplication\target\classes started by abina in D:\AbinavWorkSpace\webapplication)
2025-10-06T10:58:16.704+05:30  INFO 26916 --- [main] c.a.w.WebapplicationApplication          : No active profile set, falling back to 1 default profile: "default"
2025-10-06T10:58:18.818+05:30  INFO 26916 --- [main] .s.d.r.c.RepositoryConfigurationDelegate : Bootstrapping Spring Data JPA repositories in DEFAULT mode.
2025-10-06T10:58:18.956+05:30  INFO 26916 --- [main] .s.d.r.c.RepositoryConfigurationDelegate : Finished Spring Data repository scanning in 115 ms. Found 1 JPA repository interface.
2025-10-06T10:58:20.214+05:30  INFO 26916 --- [main] o.s.b.w.embedded.tomcat.TomcatWebServer  : Tomcat initialized with port 8080 (http)
2025-10-06T10:58:20.254+05:30  INFO 26916 --- [main] o.apache.catalina.core.StandardService   : Starting service [Tomcat]
2025-10-06T10:58:20.255+05:30  INFO 26916 --- [main] o.apache.catalina.core.StandardEngine    : Starting Servlet engine: [Apache Tomcat/10.1.41]
2025-10-06T10:58:20.412+05:30  INFO 26916 --- [main] o.a.c.c.C.[Tomcat].[localhost].[/]       : Initializing Spring embedded WebApplicationContext
2025-10-06T10:58:20.415+05:30  INFO 26916 --- [main] w.s.c.ServletWebServerApplicationContext : Root WebApplicationContext: initialization completed in 3627 ms
2025-10-06T10:58:20.745+05:30  INFO 26916 --- [main] o.hibernate.jpa.internal.util.LogHelper  : HHH000204: Processing PersistenceUnitInfo [name: default]
2025-10-06T10:58:20.880+05:30  INFO 26916 --- [main] org.hibernate.Version                    : HHH000412: Hibernate ORM core version 6.6.15.Final
2025-10-06T10:58:20.972+05:30  INFO 26916 --- [main] o.h.c.internal.RegionFactoryInitiator    : HHH000026: Second-level cache disabled
2025-10-06T10:58:21.706+05:30  INFO 26916 --- [main] o.s.o.j.p.SpringPersistenceUnitInfo      : No LoadTimeWeaver setup: ignoring JPA class transformer
2025-10-06T10:58:21.771+05:30  INFO 26916 --- [main] com.zaxxer.hikari.HikariDataSource       : HikariPool-1 - Starting...
2025-10-06T10:58:22.674+05:30  INFO 26916 --- [main] com.zaxxer.hikari.pool.HikariPool        : HikariPool-1 - Added connection com.mysql.cj.jdbc.ConnectionImpl@1242d96b
2025-10-06T10:58:22.682+05:30  INFO 26916 --- [main] com.zaxxer.hikari.HikariDataSource       : HikariPool-1 - Start completed.
2025-10-06T10:58:23.252+05:30  INFO 26916 --- [main] org.hibernate.orm.connections.pooling    : HHH10001005: Database info:
	Database JDBC URL [Connecting through datasource 'HikariDataSource (HikariPool-1)']
	Database driver: undefined/unknown
	Database version: 8.0.42
	Autocommit mode: undefined/unknown
	Isolation level: undefined/unknown
	Minimum pool size: undefined/unknown
	Maximum pool size: undefined/unknown
2025-10-06T10:58:24.910+05:30  INFO 26916 --- [main] o.h.e.t.j.p.i.JtaPlatformInitiator       : HHH000489: No JTA platform available (set 'hibernate.transaction.jta.platform' to enable JTA platform integration)
2025-10-06T10:58:25.127+05:30  INFO 26916 --- [main] j.LocalContainerEntityManagerFactoryBean : Initialized JPA EntityManagerFactory for persistence unit 'default'
2025-10-06T10:58:25.861+05:30  INFO 26916 --- [main] eAuthenticationProviderManagerConfigurer : Global AuthenticationManager configured with AuthenticationProvider bean with name authenticationProvider
2025-10-06T10:58:25.865+05:30  WARN 26916 --- [main] r$InitializeUserDetailsManagerConfigurer : Global AuthenticationManager configured with an AuthenticationProvider bean. UserDetailsService beans will not be used by Spring Security for automatically configuring username/password login. Consider removing the AuthenticationProvider bean. Alternatively, consider using the UserDetailsService in a manually instantiated DaoAuthenticationProvider. If the current configuration is intentional, to turn off this warning, increase the logging level of 'org.springframework.security.config.annotation.authentication.configuration.InitializeUserDetailsBeanManagerConfigurer' to ERROR
2025-10-06T10:58:25.941+05:30  WARN 26916 --- [main] JpaBaseConfiguration$JpaWebConfiguration : spring.jpa.open-in-view is enabled by default. Therefore, database queries may be performed during view rendering. Explicitly configure spring.jpa.open-in-view to disable this warning
2025-10-06T10:58:26.889+05:30  INFO 26916 --- [main] o.s.b.w.embedded.tomcat.TomcatWebServer  : Tomcat started on port 8080 (http) with context path '/'
2025-10-06T10:58:26.906+05:30  INFO 26916 --- [main] c.a.w.WebapplicationApplication          : Started WebapplicationApplication in 11.059 seconds (process running for 11.768)
2025-10-06T10:58:39.105+05:30  INFO 26916 --- [http-nio-8080-exec-1] o.a.c.c.C.[Tomcat].[localhost].[/]       : Initializing Spring DispatcherServlet 'dispatcherServlet'
2025-10-06T10:58:39.106+05:30  INFO 26916 --- [http-nio-8080-exec-1] o.s.web.servlet.DispatcherServlet        : Initializing Servlet 'dispatcherServlet'
2025-10-06T10:58:39.108+05:30  INFO 26916 --- [http-nio-8080-exec-1] o.s.web.servlet.DispatcherServlet        : Completed initialization in 2 ms
2025-10-06T11:01:38.701+05:30  INFO 13164 --- [main] c.a.w.WebapplicationApplication          : Starting WebapplicationApplication using Java 21.0.7 with PID 13164 (D:\AbinavWorkSpace\webapplication\target\classes started by abina in D:\AbinavWorkSpace\webapplication)
2025-10-06T11:01:38.707+05:30  INFO 13164 --- [main] c.a.w.WebapplicationApplication          : No active profile set, falling back to 1 default profile: "default"
2025-10-06T11:01:40.974+05:30  INFO 13164 --- [main] .s.d.r.c.RepositoryConfigurationDelegate : Bootstrapping Spring Data JPA repositories in DEFAULT mode.
2025-10-06T11:01:41.081+05:30  INFO 13164 --- [main] .s.d.r.c.RepositoryConfigurationDelegate : Finished Spring Data repository scanning in 91 ms. Found 1 JPA repository interface.
2025-10-06T11:01:42.345+05:30  INFO 13164 --- [main] o.s.b.w.embedded.tomcat.TomcatWebServer  : Tomcat initialized with port 8080 (http)
2025-10-06T11:01:42.375+05:30  INFO 13164 --- [main] o.apache.catalina.core.StandardService   : Starting service [Tomcat]
2025-10-06T11:01:42.376+05:30  INFO 13164 --- [main] o.apache.catalina.core.StandardEngine    : Starting Servlet engine: [Apache Tomcat/10.1.41]
2025-10-06T11:01:42.513+05:30  INFO 13164 --- [main] o.a.c.c.C.[Tomcat].[localhost].[/]       : Initializing Spring embedded WebApplicationContext
2025-10-06T11:01:42.513+05:30  INFO 13164 --- [main] w.s.c.ServletWebServerApplicationContext : Root WebApplicationContext: initialization completed in 3611 ms
2025-10-06T11:01:42.810+05:30  INFO 13164 --- [main] o.hibernate.jpa.internal.util.LogHelper  : HHH000204: Processing PersistenceUnitInfo [name: default]
2025-10-06T11:01:42.943+05:30  INFO 13164 --- [main] org.hibernate.Version                    : HHH000412: Hibernate ORM core version 6.6.15.Final
2025-10-06T11:01:43.021+05:30  INFO 13164 --- [main] o.h.c.internal.RegionFactoryInitiator    : HHH000026: Second-level cache disabled
2025-10-06T11:01:43.742+05:30  INFO 13164 --- [main] o.s.o.j.p.SpringPersistenceUnitInfo      : No LoadTimeWeaver setup: ignoring JPA class transformer
2025-10-06T11:01:43.812+05:30  INFO 13164 --- [main] com.zaxxer.hikari.HikariDataSource       : HikariPool-1 - Starting...
2025-10-06T11:01:44.734+05:30  INFO 13164 --- [main] com.zaxxer.hikari.pool.HikariPool        : HikariPool-1 - Added connection com.mysql.cj.jdbc.ConnectionImpl@3c9f4376
2025-10-06T11:01:44.738+05:30  INFO 13164 --- [main] com.zaxxer.hikari.HikariDataSource       : HikariPool-1 - Start completed.
2025-10-06T11:01:45.430+05:30  INFO 13164 --- [main] org.hibernate.orm.connections.pooling    : HHH10001005: Database info:
	Database JDBC URL [Connecting through datasource 'HikariDataSource (HikariPool-1)']
	Database driver: undefined/unknown
	Database version: 8.0.42
	Autocommit mode: undefined/unknown
	Isolation level: undefined/unknown
	Minimum pool size: undefined/unknown
	Maximum pool size: undefined/unknown
2025-10-06T11:01:47.298+05:30  INFO 13164 --- [main] o.h.e.t.j.p.i.JtaPlatformInitiator       : HHH000489: No JTA platform available (set 'hibernate.transaction.jta.platform' to enable JTA platform integration)
2025-10-06T11:01:47.546+05:30  INFO 13164 --- [main] j.LocalContainerEntityManagerFactoryBean : Initialized JPA EntityManagerFactory for persistence unit 'default'
2025-10-06T11:01:48.547+05:30  INFO 13164 --- [main] eAuthenticationProviderManagerConfigurer : Global AuthenticationManager configured with AuthenticationProvider bean with name authenticationProvider
2025-10-06T11:01:48.550+05:30  WARN 13164 --- [main] r$InitializeUserDetailsManagerConfigurer : Global AuthenticationManager configured with an AuthenticationProvider bean. UserDetailsService beans will not be used by Spring Security for automatically configuring username/password login. Consider removing the AuthenticationProvider bean. Alternatively, consider using the UserDetailsService in a manually instantiated DaoAuthenticationProvider. If the current configuration is intentional, to turn off this warning, increase the logging level of 'org.springframework.security.config.annotation.authentication.configuration.InitializeUserDetailsBeanManagerConfigurer' to ERROR
2025-10-06T11:01:48.652+05:30  WARN 13164 --- [main] JpaBaseConfiguration$JpaWebConfiguration : spring.jpa.open-in-view is enabled by default. Therefore, database queries may be performed during view rendering. Explicitly configure spring.jpa.open-in-view to disable this warning
2025-10-06T11:01:50.160+05:30  INFO 13164 --- [main] o.s.b.w.embedded.tomcat.TomcatWebServer  : Tomcat started on port 8080 (http) with context path '/'
2025-10-06T11:01:50.184+05:30  INFO 13164 --- [main] c.a.w.WebapplicationApplication          : Started WebapplicationApplication in 12.801 seconds (process running for 13.965)
2025-10-06T11:01:50.693+05:30  INFO 13164 --- [http-nio-8080-exec-1] o.a.c.c.C.[Tomcat].[localhost].[/]       : Initializing Spring DispatcherServlet 'dispatcherServlet'
2025-10-06T11:01:50.694+05:30  INFO 13164 --- [http-nio-8080-exec-1] o.s.web.servlet.DispatcherServlet        : Initializing Servlet 'dispatcherServlet'
2025-10-06T11:01:50.699+05:30  INFO 13164 --- [http-nio-8080-exec-1] o.s.web.servlet.DispatcherServlet        : Completed initialization in 4 ms
2025-10-06T11:04:19.888+05:30  INFO 31332 --- [main] c.a.w.WebapplicationApplication          : Starting WebapplicationApplication using Java 21.0.7 with PID 31332 (D:\AbinavWorkSpace\webapplication\target\classes started by abina in D:\AbinavWorkSpace\webapplication)
2025-10-06T11:04:19.896+05:30  INFO 31332 --- [main] c.a.w.WebapplicationApplication          : No active profile set, falling back to 1 default profile: "default"
2025-10-06T11:04:21.515+05:30  INFO 31332 --- [main] .s.d.r.c.RepositoryConfigurationDelegate : Bootstrapping Spring Data JPA repositories in DEFAULT mode.
2025-10-06T11:04:21.662+05:30  INFO 31332 --- [main] .s.d.r.c.RepositoryConfigurationDelegate : Finished Spring Data repository scanning in 116 ms. Found 1 JPA repository interface.
2025-10-06T11:04:23.482+05:30  INFO 31332 --- [main] o.s.b.w.embedded.tomcat.TomcatWebServer  : Tomcat initialized with port 8080 (http)
2025-10-06T11:04:23.510+05:30  INFO 31332 --- [main] o.apache.catalina.core.StandardService   : Starting service [Tomcat]
2025-10-06T11:04:23.511+05:30  INFO 31332 --- [main] o.apache.catalina.core.StandardEngine    : Starting Servlet engine: [Apache Tomcat/10.1.41]
2025-10-06T11:04:23.666+05:30  INFO 31332 --- [main] o.a.c.c.C.[Tomcat].[localhost].[/]       : Initializing Spring embedded WebApplicationContext
2025-10-06T11:04:23.667+05:30  INFO 31332 --- [main] w.s.c.ServletWebServerApplicationContext : Root WebApplicationContext: initialization completed in 3684 ms
2025-10-06T11:04:23.958+05:30  INFO 31332 --- [main] o.hibernate.jpa.internal.util.LogHelper  : HHH000204: Processing PersistenceUnitInfo [name: default]
2025-10-06T11:04:24.057+05:30  INFO 31332 --- [main] org.hibernate.Version                    : HHH000412: Hibernate ORM core version 6.6.15.Final
2025-10-06T11:04:24.140+05:30  INFO 31332 --- [main] o.h.c.internal.RegionFactoryInitiator    : HHH000026: Second-level cache disabled
2025-10-06T11:04:24.760+05:30  INFO 31332 --- [main] o.s.o.j.p.SpringPersistenceUnitInfo      : No LoadTimeWeaver setup: ignoring JPA class transformer
2025-10-06T11:04:24.837+05:30  INFO 31332 --- [main] com.zaxxer.hikari.HikariDataSource       : HikariPool-1 - Starting...
2025-10-06T11:04:25.700+05:30  INFO 31332 --- [main] com.zaxxer.hikari.pool.HikariPool        : HikariPool-1 - Added connection com.mysql.cj.jdbc.ConnectionImpl@61ad30f6
2025-10-06T11:04:25.705+05:30  INFO 31332 --- [main] com.zaxxer.hikari.HikariDataSource       : HikariPool-1 - Start completed.
2025-10-06T11:04:26.039+05:30  INFO 31332 --- [main] org.hibernate.orm.connections.pooling    : HHH10001005: Database info:
	Database JDBC URL [Connecting through datasource 'HikariDataSource (HikariPool-1)']
	Database driver: undefined/unknown
	Database version: 8.0.42
	Autocommit mode: undefined/unknown
	Isolation level: undefined/unknown
	Minimum pool size: undefined/unknown
	Maximum pool size: undefined/unknown
2025-10-06T11:04:27.628+05:30  INFO 31332 --- [main] o.h.e.t.j.p.i.JtaPlatformInitiator       : HHH000489: No JTA platform available (set 'hibernate.transaction.jta.platform' to enable JTA platform integration)
2025-10-06T11:04:28.029+05:30  INFO 31332 --- [main] j.LocalContainerEntityManagerFactoryBean : Initialized JPA EntityManagerFactory for persistence unit 'default'
2025-10-06T11:04:28.978+05:30  INFO 31332 --- [main] eAuthenticationProviderManagerConfigurer : Global AuthenticationManager configured with AuthenticationProvider bean with name authenticationProvider
2025-10-06T11:04:28.980+05:30  WARN 31332 --- [main] r$InitializeUserDetailsManagerConfigurer : Global AuthenticationManager configured with an AuthenticationProvider bean. UserDetailsService beans will not be used by Spring Security for automatically configuring username/password login. Consider removing the AuthenticationProvider bean. Alternatively, consider using the UserDetailsService in a manually instantiated DaoAuthenticationProvider. If the current configuration is intentional, to turn off this warning, increase the logging level of 'org.springframework.security.config.annotation.authentication.configuration.InitializeUserDetailsBeanManagerConfigurer' to ERROR
2025-10-06T11:04:29.066+05:30  WARN 31332 --- [main] JpaBaseConfiguration$JpaWebConfiguration : spring.jpa.open-in-view is enabled by default. Therefore, database queries may be performed during view rendering. Explicitly configure spring.jpa.open-in-view to disable this warning
2025-10-06T11:04:30.517+05:30  INFO 31332 --- [main] o.s.b.w.embedded.tomcat.TomcatWebServer  : Tomcat started on port 8080 (http) with context path '/'
2025-10-06T11:04:30.579+05:30  INFO 31332 --- [main] c.a.w.WebapplicationApplication          : Started WebapplicationApplication in 11.568 seconds (process running for 12.27)
2025-10-06T11:04:31.167+05:30  INFO 31332 --- [http-nio-8080-exec-1] o.a.c.c.C.[Tomcat].[localhost].[/]       : Initializing Spring DispatcherServlet 'dispatcherServlet'
2025-10-06T11:04:31.168+05:30  INFO 31332 --- [http-nio-8080-exec-1] o.s.web.servlet.DispatcherServlet        : Initializing Servlet 'dispatcherServlet'
2025-10-06T11:04:31.171+05:30  INFO 31332 --- [http-nio-8080-exec-1] o.s.web.servlet.DispatcherServlet        : Completed initialization in 3 ms
2025-10-06T11:07:34.860+05:30  INFO 16548 --- [main] c.a.w.WebapplicationApplication          : Starting WebapplicationApplication using Java 21.0.7 with PID 16548 (D:\AbinavWorkSpace\webapplication\target\classes started by abina in D:\AbinavWorkSpace\webapplication)
2025-10-06T11:07:34.867+05:30  INFO 16548 --- [main] c.a.w.WebapplicationApplication          : No active profile set, falling back to 1 default profile: "default"
2025-10-06T11:07:36.572+05:30  INFO 16548 --- [main] .s.d.r.c.RepositoryConfigurationDelegate : Bootstrapping Spring Data JPA repositories in DEFAULT mode.
2025-10-06T11:07:36.703+05:30  INFO 16548 --- [main] .s.d.r.c.RepositoryConfigurationDelegate : Finished Spring Data repository scanning in 110 ms. Found 1 JPA repository interface.
2025-10-06T11:07:38.021+05:30  INFO 16548 --- [main] o.s.b.w.embedded.tomcat.TomcatWebServer  : Tomcat initialized with port 8080 (http)
2025-10-06T11:07:38.051+05:30  INFO 16548 --- [main] o.apache.catalina.core.StandardService   : Starting service [Tomcat]
2025-10-06T11:07:38.052+05:30  INFO 16548 --- [main] o.apache.catalina.core.StandardEngine    : Starting Servlet engine: [Apache Tomcat/10.1.41]
2025-10-06T11:07:38.292+05:30  INFO 16548 --- [main] o.a.c.c.C.[Tomcat].[localhost].[/]       : Initializing Spring embedded WebApplicationContext
2025-10-06T11:07:38.293+05:30  INFO 16548 --- [main] w.s.c.ServletWebServerApplicationContext : Root WebApplicationContext: initialization completed in 3323 ms
2025-10-06T11:07:38.633+05:30  INFO 16548 --- [main] o.hibernate.jpa.internal.util.LogHelper  : HHH000204: Processing PersistenceUnitInfo [name: default]
2025-10-06T11:07:38.783+05:30  INFO 16548 --- [main] org.hibernate.Version                    : HHH000412: Hibernate ORM core version 6.6.15.Final
2025-10-06T11:07:38.870+05:30  INFO 16548 --- [main] o.h.c.internal.RegionFactoryInitiator    : HHH000026: Second-level cache disabled
2025-10-06T11:07:39.584+05:30  INFO 16548 --- [main] o.s.o.j.p.SpringPersistenceUnitInfo      : No LoadTimeWeaver setup: ignoring JPA class transformer
2025-10-06T11:07:39.657+05:30  INFO 16548 --- [main] com.zaxxer.hikari.HikariDataSource       : HikariPool-1 - Starting...
2025-10-06T11:07:40.403+05:30  INFO 16548 --- [main] com.zaxxer.hikari.pool.HikariPool        : HikariPool-1 - Added connection com.mysql.cj.jdbc.ConnectionImpl@2487e20
2025-10-06T11:07:40.410+05:30  INFO 16548 --- [main] com.zaxxer.hikari.HikariDataSource       : HikariPool-1 - Start completed.
2025-10-06T11:07:40.716+05:30  INFO 16548 --- [main] org.hibernate.orm.connections.pooling    : HHH10001005: Database info:
	Database JDBC URL [Connecting through datasource 'HikariDataSource (HikariPool-1)']
	Database driver: undefined/unknown
	Database version: 8.0.42
	Autocommit mode: undefined/unknown
	Isolation level: undefined/unknown
	Minimum pool size: undefined/unknown
	Maximum pool size: undefined/unknown
2025-10-06T11:07:41.882+05:30  INFO 16548 --- [main] o.h.e.t.j.p.i.JtaPlatformInitiator       : HHH000489: No JTA platform available (set 'hibernate.transaction.jta.platform' to enable JTA platform integration)
2025-10-06T11:07:42.161+05:30  INFO 16548 --- [main] j.LocalContainerEntityManagerFactoryBean : Initialized JPA EntityManagerFactory for persistence unit 'default'
2025-10-06T11:07:43.008+05:30  INFO 16548 --- [main] eAuthenticationProviderManagerConfigurer : Global AuthenticationManager configured with AuthenticationProvider bean with name authenticationProvider
2025-10-06T11:07:43.014+05:30  WARN 16548 --- [main] r$InitializeUserDetailsManagerConfigurer : Global AuthenticationManager configured with an AuthenticationProvider bean. UserDetailsService beans will not be used by Spring Security for automatically configuring username/password login. Consider removing the AuthenticationProvider bean. Alternatively, consider using the UserDetailsService in a manually instantiated DaoAuthenticationProvider. If the current configuration is intentional, to turn off this warning, increase the logging level of 'org.springframework.security.config.annotation.authentication.configuration.InitializeUserDetailsBeanManagerConfigurer' to ERROR
2025-10-06T11:07:43.108+05:30  WARN 16548 --- [main] JpaBaseConfiguration$JpaWebConfiguration : spring.jpa.open-in-view is enabled by default. Therefore, database queries may be performed during view rendering. Explicitly configure spring.jpa.open-in-view to disable this warning
2025-10-06T11:07:44.125+05:30  INFO 16548 --- [main] o.s.b.w.embedded.tomcat.TomcatWebServer  : Tomcat started on port 8080 (http) with context path '/'
2025-10-06T11:07:44.146+05:30  INFO 16548 --- [main] c.a.w.WebapplicationApplication          : Started WebapplicationApplication in 10.52 seconds (process running for 11.675)
2025-10-06T11:07:48.771+05:30  INFO 16548 --- [http-nio-8080-exec-1] o.a.c.c.C.[Tomcat].[localhost].[/]       : Initializing Spring DispatcherServlet 'dispatcherServlet'
2025-10-06T11:07:48.773+05:30  INFO 16548 --- [http-nio-8080-exec-1] o.s.web.servlet.DispatcherServlet        : Initializing Servlet 'dispatcherServlet'
2025-10-06T11:07:48.783+05:30  INFO 16548 --- [http-nio-8080-exec-1] o.s.web.servlet.DispatcherServlet        : Completed initialization in 9 ms
