2025-12-09 15:52:54 INFO  [main] c.a.w.WebapplicationApplication - Starting WebapplicationApplication using Java 17.0.3 with PID 8093 (/home/ajith/Desktop/AbinavWorkSpace/webapplication/target/classes started by ajith in /home/ajith/Desktop/AbinavWorkSpace/webapplication)
2025-12-09 15:52:54 INFO  [main] c.a.w.WebapplicationApplication - No active profile set, falling back to 1 default profile: "default"
2025-12-09 15:52:55 INFO  [main] o.s.d.r.c.RepositoryConfigurationDelegate - Bootstrapping Spring Data JPA repositories in DEFAULT mode.
2025-12-09 15:52:55 INFO  [main] o.s.d.r.c.RepositoryConfigurationDelegate - Finished Spring Data repository scanning in 92 ms. Found 5 JPA repository interfaces.
2025-12-09 15:52:56 INFO  [main] o.s.b.w.e.tomcat.TomcatWebServer - Tomcat initialized with port 8080 (http)
2025-12-09 15:52:56 INFO  [main] o.a.coyote.http11.Http11NioProtocol - Initializing ProtocolHandler ["http-nio-8080"]
2025-12-09 15:52:56 INFO  [main] o.a.catalina.core.StandardService - Starting service [Tomcat]
2025-12-09 15:52:56 INFO  [main] o.a.catalina.core.StandardEngine - Starting Servlet engine: [Apache Tomcat/10.1.41]
2025-12-09 15:52:56 INFO  [main] o.a.c.c.C.[Tomcat].[localhost].[/] - Initializing Spring embedded WebApplicationContext
2025-12-09 15:52:56 INFO  [main] o.s.b.w.s.c.ServletWebServerApplicationContext - Root WebApplicationContext: initialization completed in 1338 ms
2025-12-09 15:52:56 DEBUG [main] com.zaxxer.hikari.HikariConfig - Class com.mysql.cj.jdbc.Driver found in Thread context class loader TomcatEmbeddedWebappClassLoader
  context: ROOT
  delegate: true
----------> Parent Classloader:
jdk.internal.loader.ClassLoaders$AppClassLoader@5cb0d902

2025-12-09 15:52:56 INFO  [main] o.h.jpa.internal.util.LogHelper - HHH000204: Processing PersistenceUnitInfo [name: default]
2025-12-09 15:52:56 INFO  [main] org.hibernate.Version - HHH000412: Hibernate ORM core version 6.6.15.Final
2025-12-09 15:52:56 INFO  [main] o.h.c.i.RegionFactoryInitiator - HHH000026: Second-level cache disabled
2025-12-09 15:52:56 INFO  [main] o.s.o.j.p.SpringPersistenceUnitInfo - No LoadTimeWeaver setup: ignoring JPA class transformer
2025-12-09 15:52:56 DEBUG [main] com.zaxxer.hikari.HikariConfig - MyHikariPool - configuration:
2025-12-09 15:52:56 DEBUG [main] com.zaxxer.hikari.HikariConfig - allowPoolSuspension.............false
2025-12-09 15:52:56 DEBUG [main] com.zaxxer.hikari.HikariConfig - autoCommit......................true
2025-12-09 15:52:56 DEBUG [main] com.zaxxer.hikari.HikariConfig - catalog.........................none
2025-12-09 15:52:56 DEBUG [main] com.zaxxer.hikari.HikariConfig - connectionInitSql...............none
2025-12-09 15:52:56 DEBUG [main] com.zaxxer.hikari.HikariConfig - connectionTestQuery............."SELECT 1"
2025-12-09 15:52:56 DEBUG [main] com.zaxxer.hikari.HikariConfig - connectionTimeout...............30000
2025-12-09 15:52:56 DEBUG [main] com.zaxxer.hikari.HikariConfig - credentials.....................com.zaxxer.hikari.util.Credentials@59b447a4
2025-12-09 15:52:56 DEBUG [main] com.zaxxer.hikari.HikariConfig - dataSource......................none
2025-12-09 15:52:56 DEBUG [main] com.zaxxer.hikari.HikariConfig - dataSourceClassName.............none
2025-12-09 15:52:56 DEBUG [main] com.zaxxer.hikari.HikariConfig - dataSourceJNDI..................none
2025-12-09 15:52:56 DEBUG [main] com.zaxxer.hikari.HikariConfig - dataSourceProperties............{password=<masked>}
2025-12-09 15:52:56 DEBUG [main] com.zaxxer.hikari.HikariConfig - driverClassName................."com.mysql.cj.jdbc.Driver"
2025-12-09 15:52:56 DEBUG [main] com.zaxxer.hikari.HikariConfig - exceptionOverride...............none
2025-12-09 15:52:56 DEBUG [main] com.zaxxer.hikari.HikariConfig - exceptionOverrideClassName......none
2025-12-09 15:52:56 DEBUG [main] com.zaxxer.hikari.HikariConfig - healthCheckProperties...........{}
2025-12-09 15:52:56 DEBUG [main] com.zaxxer.hikari.HikariConfig - healthCheckRegistry.............none
2025-12-09 15:52:56 DEBUG [main] com.zaxxer.hikari.HikariConfig - idleTimeout.....................30000
2025-12-09 15:52:56 DEBUG [main] com.zaxxer.hikari.HikariConfig - initializationFailTimeout.......1
2025-12-09 15:52:56 DEBUG [main] com.zaxxer.hikari.HikariConfig - isolateInternalQueries..........false
2025-12-09 15:52:56 DEBUG [main] com.zaxxer.hikari.HikariConfig - jdbcUrl.........................jdbc:mysql://localhost:3306/social_media?useSSL=false&serverTimezone=UTC
2025-12-09 15:52:56 DEBUG [main] com.zaxxer.hikari.HikariConfig - keepaliveTime...................120000
2025-12-09 15:52:56 DEBUG [main] com.zaxxer.hikari.HikariConfig - leakDetectionThreshold..........0
2025-12-09 15:52:56 DEBUG [main] com.zaxxer.hikari.HikariConfig - maxLifetime.....................1800000
2025-12-09 15:52:56 DEBUG [main] com.zaxxer.hikari.HikariConfig - maximumPoolSize.................10
2025-12-09 15:52:56 DEBUG [main] com.zaxxer.hikari.HikariConfig - metricRegistry..................none
2025-12-09 15:52:56 DEBUG [main] com.zaxxer.hikari.HikariConfig - metricsTrackerFactory...........none
2025-12-09 15:52:56 DEBUG [main] com.zaxxer.hikari.HikariConfig - minimumIdle.....................5
2025-12-09 15:52:56 DEBUG [main] com.zaxxer.hikari.HikariConfig - password........................<masked>
2025-12-09 15:52:56 DEBUG [main] com.zaxxer.hikari.HikariConfig - poolName........................"MyHikariPool"
2025-12-09 15:52:56 DEBUG [main] com.zaxxer.hikari.HikariConfig - readOnly........................false
2025-12-09 15:52:56 DEBUG [main] com.zaxxer.hikari.HikariConfig - registerMbeans..................false
2025-12-09 15:52:56 DEBUG [main] com.zaxxer.hikari.HikariConfig - scheduledExecutor...............none
2025-12-09 15:52:56 DEBUG [main] com.zaxxer.hikari.HikariConfig - schema..........................none
2025-12-09 15:52:56 DEBUG [main] com.zaxxer.hikari.HikariConfig - threadFactory...................internal
2025-12-09 15:52:56 DEBUG [main] com.zaxxer.hikari.HikariConfig - transactionIsolation............default
2025-12-09 15:52:56 DEBUG [main] com.zaxxer.hikari.HikariConfig - username........................"root"
2025-12-09 15:52:56 DEBUG [main] com.zaxxer.hikari.HikariConfig - validationTimeout...............5000
2025-12-09 15:52:56 INFO  [main] com.zaxxer.hikari.HikariDataSource - MyHikariPool - Starting...
2025-12-09 15:52:56 DEBUG [main] com.zaxxer.hikari.pool.PoolBase - MyHikariPool - Attempting to create/setup new connection (6c3bd30b-43ab-4f96-9625-cec5af9129f8)
2025-12-09 15:52:57 DEBUG [main] com.zaxxer.hikari.pool.PoolBase - MyHikariPool - Established new connection (6c3bd30b-43ab-4f96-9625-cec5af9129f8)
2025-12-09 15:52:57 INFO  [main] com.zaxxer.hikari.pool.HikariPool - MyHikariPool - Added connection com.mysql.cj.jdbc.ConnectionImpl@2d07aacc
2025-12-09 15:52:57 INFO  [main] com.zaxxer.hikari.HikariDataSource - MyHikariPool - Start completed.
2025-12-09 15:52:57 WARN  [main] org.hibernate.orm.deprecation - HHH90000025: MySQLDialect does not need to be specified explicitly using 'hibernate.dialect' (remove the property setting and it will be selected by default)
2025-12-09 15:52:57 INFO  [main] o.hibernate.orm.connections.pooling - HHH10001005: Database info:
	Database JDBC URL [Connecting through datasource 'HikariDataSource (MyHikariPool)']
	Database driver: undefined/unknown
	Database version: 8.0.29
	Autocommit mode: undefined/unknown
	Isolation level: undefined/unknown
	Minimum pool size: undefined/unknown
	Maximum pool size: undefined/unknown
2025-12-09 15:52:57 DEBUG [MyHikariPool:housekeeper] com.zaxxer.hikari.pool.HikariPool - MyHikariPool - Before cleanup stats (total=1/10, idle=1/5, active=0, waiting=0)
2025-12-09 15:52:57 DEBUG [MyHikariPool:housekeeper] com.zaxxer.hikari.pool.HikariPool - MyHikariPool - After  cleanup stats (total=1/10, idle=1/5, active=0, waiting=0)
2025-12-09 15:52:57 DEBUG [MyHikariPool:connection-adder] com.zaxxer.hikari.pool.PoolBase - MyHikariPool - Attempting to create/setup new connection (9a8f30ef-6810-437a-8b59-1fd77d754b58)
2025-12-09 15:52:57 DEBUG [MyHikariPool:connection-adder] com.zaxxer.hikari.pool.PoolBase - MyHikariPool - Established new connection (9a8f30ef-6810-437a-8b59-1fd77d754b58)
2025-12-09 15:52:57 DEBUG [MyHikariPool:connection-adder] com.zaxxer.hikari.pool.HikariPool - MyHikariPool - Added connection com.mysql.cj.jdbc.ConnectionImpl@3c4b9a76
2025-12-09 15:52:57 DEBUG [MyHikariPool:connection-adder] com.zaxxer.hikari.pool.HikariPool - MyHikariPool - After adding stats (total=2/10, idle=2/5, active=0, waiting=0)
2025-12-09 15:52:57 DEBUG [MyHikariPool:connection-adder] com.zaxxer.hikari.pool.PoolBase - MyHikariPool - Attempting to create/setup new connection (7ff4cfb5-af63-476c-a112-aec125fc11c4)
2025-12-09 15:52:57 DEBUG [MyHikariPool:connection-adder] com.zaxxer.hikari.pool.PoolBase - MyHikariPool - Established new connection (7ff4cfb5-af63-476c-a112-aec125fc11c4)
2025-12-09 15:52:57 DEBUG [MyHikariPool:connection-adder] com.zaxxer.hikari.pool.HikariPool - MyHikariPool - Added connection com.mysql.cj.jdbc.ConnectionImpl@7d76904d
2025-12-09 15:52:57 DEBUG [MyHikariPool:connection-adder] com.zaxxer.hikari.pool.HikariPool - MyHikariPool - After adding stats (total=3/10, idle=3/5, active=0, waiting=0)
2025-12-09 15:52:57 DEBUG [MyHikariPool:connection-adder] com.zaxxer.hikari.pool.PoolBase - MyHikariPool - Attempting to create/setup new connection (0441e9e0-9bf0-4921-a2a3-4447964fcd9f)
2025-12-09 15:52:57 DEBUG [MyHikariPool:connection-adder] com.zaxxer.hikari.pool.PoolBase - MyHikariPool - Established new connection (0441e9e0-9bf0-4921-a2a3-4447964fcd9f)
2025-12-09 15:52:57 DEBUG [MyHikariPool:connection-adder] com.zaxxer.hikari.pool.HikariPool - MyHikariPool - Added connection com.mysql.cj.jdbc.ConnectionImpl@4cc16ca5
2025-12-09 15:52:57 DEBUG [MyHikariPool:connection-adder] com.zaxxer.hikari.pool.HikariPool - MyHikariPool - After adding stats (total=4/10, idle=4/5, active=0, waiting=0)
2025-12-09 15:52:57 DEBUG [MyHikariPool:connection-adder] com.zaxxer.hikari.pool.PoolBase - MyHikariPool - Attempting to create/setup new connection (38ba5cf9-725c-4151-8beb-dd40200d940c)
2025-12-09 15:52:57 DEBUG [MyHikariPool:connection-adder] com.zaxxer.hikari.pool.PoolBase - MyHikariPool - Established new connection (38ba5cf9-725c-4151-8beb-dd40200d940c)
2025-12-09 15:52:57 DEBUG [MyHikariPool:connection-adder] com.zaxxer.hikari.pool.HikariPool - MyHikariPool - Added connection com.mysql.cj.jdbc.ConnectionImpl@1d596f02
2025-12-09 15:52:57 DEBUG [MyHikariPool:connection-adder] com.zaxxer.hikari.pool.HikariPool - MyHikariPool - After adding stats (total=5/10, idle=5/5, active=0, waiting=0)
2025-12-09 15:52:57 INFO  [main] o.h.e.t.j.p.i.JtaPlatformInitiator - HHH000489: No JTA platform available (set 'hibernate.transaction.jta.platform' to enable JTA platform integration)
2025-12-09 15:52:58 INFO  [main] o.s.o.j.LocalContainerEntityManagerFactoryBean - Initialized JPA EntityManagerFactory for persistence unit 'default'
2025-12-09 15:52:58 INFO  [main] o.s.s.c.a.a.c.InitializeAuthenticationProviderBeanManagerConfigurer$InitializeAuthenticationProviderManagerConfigurer - Global AuthenticationManager configured with AuthenticationProvider bean with name authenticationProvider
2025-12-09 15:52:58 WARN  [main] o.s.s.c.a.a.c.InitializeUserDetailsBeanManagerConfigurer$InitializeUserDetailsManagerConfigurer - Global AuthenticationManager configured with an AuthenticationProvider bean. UserDetailsService beans will not be used by Spring Security for automatically configuring username/password login. Consider removing the AuthenticationProvider bean. Alternatively, consider using the UserDetailsService in a manually instantiated DaoAuthenticationProvider. If the current configuration is intentional, to turn off this warning, increase the logging level of 'org.springframework.security.config.annotation.authentication.configuration.InitializeUserDetailsBeanManagerConfigurer' to ERROR
2025-12-09 15:52:58 WARN  [main] o.s.b.a.o.j.JpaBaseConfiguration$JpaWebConfiguration - spring.jpa.open-in-view is enabled by default. Therefore, database queries may be performed during view rendering. Explicitly configure spring.jpa.open-in-view to disable this warning
2025-12-09 15:52:59 INFO  [main] o.a.coyote.http11.Http11NioProtocol - Starting ProtocolHandler ["http-nio-8080"]
2025-12-09 15:52:59 INFO  [main] o.s.b.w.e.tomcat.TomcatWebServer - Tomcat started on port 8080 (http) with context path '/'
2025-12-09 15:52:59 INFO  [main] c.a.w.WebapplicationApplication - Started WebapplicationApplication in 4.741 seconds (process running for 5.046)
2025-12-09 15:53:13 INFO  [http-nio-8080-exec-2] o.a.c.c.C.[Tomcat].[localhost].[/] - Initializing Spring DispatcherServlet 'dispatcherServlet'
2025-12-09 15:53:13 INFO  [http-nio-8080-exec-2] o.s.web.servlet.DispatcherServlet - Initializing Servlet 'dispatcherServlet'
2025-12-09 15:53:13 INFO  [http-nio-8080-exec-2] o.s.web.servlet.DispatcherServlet - Completed initialization in 1 ms
2025-12-09 15:53:27 DEBUG [MyHikariPool:housekeeper] com.zaxxer.hikari.pool.HikariPool - MyHikariPool - Before cleanup stats (total=5/10, idle=5/5, active=0, waiting=0)
2025-12-09 15:53:27 DEBUG [MyHikariPool:housekeeper] com.zaxxer.hikari.pool.HikariPool - MyHikariPool - After  cleanup stats (total=5/10, idle=5/5, active=0, waiting=0)
2025-12-09 15:53:27 DEBUG [MyHikariPool:housekeeper] com.zaxxer.hikari.pool.HikariPool - MyHikariPool - Fill pool skipped, pool has sufficient level or currently being filled.
2025-12-09 15:53:57 DEBUG [MyHikariPool:housekeeper] com.zaxxer.hikari.pool.HikariPool - MyHikariPool - Before cleanup stats (total=5/10, idle=5/5, active=0, waiting=0)
2025-12-09 15:53:57 DEBUG [MyHikariPool:housekeeper] com.zaxxer.hikari.pool.HikariPool - MyHikariPool - After  cleanup stats (total=5/10, idle=5/5, active=0, waiting=0)
2025-12-09 15:53:57 DEBUG [MyHikariPool:housekeeper] com.zaxxer.hikari.pool.HikariPool - MyHikariPool - Fill pool skipped, pool has sufficient level or currently being filled.
2025-12-09 15:54:27 DEBUG [MyHikariPool:housekeeper] com.zaxxer.hikari.pool.HikariPool - MyHikariPool - Before cleanup stats (total=5/10, idle=5/5, active=0, waiting=0)
2025-12-09 15:54:27 DEBUG [MyHikariPool:housekeeper] com.zaxxer.hikari.pool.HikariPool - MyHikariPool - After  cleanup stats (total=5/10, idle=5/5, active=0, waiting=0)
2025-12-09 15:54:27 DEBUG [MyHikariPool:housekeeper] com.zaxxer.hikari.pool.HikariPool - MyHikariPool - Fill pool skipped, pool has sufficient level or currently being filled.
2025-12-09 15:54:36 DEBUG [MyHikariPool:housekeeper] com.zaxxer.hikari.pool.HikariPool - MyHikariPool - keepalive: connection com.mysql.cj.jdbc.ConnectionImpl@7d76904d is alive
2025-12-09 15:54:37 DEBUG [MyHikariPool:housekeeper] com.zaxxer.hikari.pool.HikariPool - MyHikariPool - keepalive: connection com.mysql.cj.jdbc.ConnectionImpl@2d07aacc is alive
2025-12-09 15:54:39 DEBUG [MyHikariPool:housekeeper] com.zaxxer.hikari.pool.HikariPool - MyHikariPool - keepalive: connection com.mysql.cj.jdbc.ConnectionImpl@1d596f02 is alive
2025-12-09 15:54:52 DEBUG [MyHikariPool:housekeeper] com.zaxxer.hikari.pool.HikariPool - MyHikariPool - keepalive: connection com.mysql.cj.jdbc.ConnectionImpl@4cc16ca5 is alive
2025-12-09 15:54:52 DEBUG [MyHikariPool:housekeeper] com.zaxxer.hikari.pool.HikariPool - MyHikariPool - keepalive: connection com.mysql.cj.jdbc.ConnectionImpl@3c4b9a76 is alive
2025-12-09 15:54:57 DEBUG [MyHikariPool:housekeeper] com.zaxxer.hikari.pool.HikariPool - MyHikariPool - Before cleanup stats (total=5/10, idle=5/5, active=0, waiting=0)
2025-12-09 15:54:57 DEBUG [MyHikariPool:housekeeper] com.zaxxer.hikari.pool.HikariPool - MyHikariPool - After  cleanup stats (total=5/10, idle=5/5, active=0, waiting=0)
2025-12-09 15:54:57 DEBUG [MyHikariPool:housekeeper] com.zaxxer.hikari.pool.HikariPool - MyHikariPool - Fill pool skipped, pool has sufficient level or currently being filled.
2025-12-09 15:55:27 DEBUG [MyHikariPool:housekeeper] com.zaxxer.hikari.pool.HikariPool - MyHikariPool - Before cleanup stats (total=5/10, idle=5/5, active=0, waiting=0)
2025-12-09 15:55:27 DEBUG [MyHikariPool:housekeeper] com.zaxxer.hikari.pool.HikariPool - MyHikariPool - After  cleanup stats (total=5/10, idle=5/5, active=0, waiting=0)
2025-12-09 15:55:27 DEBUG [MyHikariPool:housekeeper] com.zaxxer.hikari.pool.HikariPool - MyHikariPool - Fill pool skipped, pool has sufficient level or currently being filled.
2025-12-09 15:55:57 DEBUG [MyHikariPool:housekeeper] com.zaxxer.hikari.pool.HikariPool - MyHikariPool - Before cleanup stats (total=5/10, idle=5/5, active=0, waiting=0)
2025-12-09 15:55:57 DEBUG [MyHikariPool:housekeeper] com.zaxxer.hikari.pool.HikariPool - MyHikariPool - After  cleanup stats (total=5/10, idle=5/5, active=0, waiting=0)
2025-12-09 15:55:57 DEBUG [MyHikariPool:housekeeper] com.zaxxer.hikari.pool.HikariPool - MyHikariPool - Fill pool skipped, pool has sufficient level or currently being filled.
2025-12-09 15:56:14 DEBUG [MyHikariPool:housekeeper] com.zaxxer.hikari.pool.HikariPool - MyHikariPool - keepalive: connection com.mysql.cj.jdbc.ConnectionImpl@7d76904d is alive
2025-12-09 15:56:17 DEBUG [MyHikariPool:housekeeper] com.zaxxer.hikari.pool.HikariPool - MyHikariPool - keepalive: connection com.mysql.cj.jdbc.ConnectionImpl@2d07aacc is alive
2025-12-09 15:56:22 DEBUG [MyHikariPool:housekeeper] com.zaxxer.hikari.pool.HikariPool - MyHikariPool - keepalive: connection com.mysql.cj.jdbc.ConnectionImpl@1d596f02 is alive
2025-12-09 15:56:27 DEBUG [MyHikariPool:housekeeper] com.zaxxer.hikari.pool.HikariPool - MyHikariPool - Before cleanup stats (total=5/10, idle=5/5, active=0, waiting=0)
2025-12-09 15:56:27 DEBUG [MyHikariPool:housekeeper] com.zaxxer.hikari.pool.HikariPool - MyHikariPool - After  cleanup stats (total=5/10, idle=5/5, active=0, waiting=0)
2025-12-09 15:56:27 DEBUG [MyHikariPool:housekeeper] com.zaxxer.hikari.pool.HikariPool - MyHikariPool - Fill pool skipped, pool has sufficient level or currently being filled.
2025-12-09 15:56:47 DEBUG [MyHikariPool:housekeeper] com.zaxxer.hikari.pool.HikariPool - MyHikariPool - keepalive: connection com.mysql.cj.jdbc.ConnectionImpl@4cc16ca5 is alive
2025-12-09 15:56:48 DEBUG [MyHikariPool:housekeeper] com.zaxxer.hikari.pool.HikariPool - MyHikariPool - keepalive: connection com.mysql.cj.jdbc.ConnectionImpl@3c4b9a76 is alive
2025-12-09 15:56:57 DEBUG [MyHikariPool:housekeeper] com.zaxxer.hikari.pool.HikariPool - MyHikariPool - Before cleanup stats (total=5/10, idle=5/5, active=0, waiting=0)
2025-12-09 15:56:57 DEBUG [MyHikariPool:housekeeper] com.zaxxer.hikari.pool.HikariPool - MyHikariPool - After  cleanup stats (total=5/10, idle=5/5, active=0, waiting=0)
2025-12-09 15:56:57 DEBUG [MyHikariPool:housekeeper] com.zaxxer.hikari.pool.HikariPool - MyHikariPool - Fill pool skipped, pool has sufficient level or currently being filled.
2025-12-09 15:57:27 DEBUG [MyHikariPool:housekeeper] com.zaxxer.hikari.pool.HikariPool - MyHikariPool - Before cleanup stats (total=5/10, idle=5/5, active=0, waiting=0)
2025-12-09 15:57:27 DEBUG [MyHikariPool:housekeeper] com.zaxxer.hikari.pool.HikariPool - MyHikariPool - After  cleanup stats (total=5/10, idle=5/5, active=0, waiting=0)
2025-12-09 15:57:27 DEBUG [MyHikariPool:housekeeper] com.zaxxer.hikari.pool.HikariPool - MyHikariPool - Fill pool skipped, pool has sufficient level or currently being filled.
2025-12-09 15:57:53 DEBUG [MyHikariPool:housekeeper] com.zaxxer.hikari.pool.HikariPool - MyHikariPool - keepalive: connection com.mysql.cj.jdbc.ConnectionImpl@7d76904d is alive
2025-12-09 15:57:57 DEBUG [MyHikariPool:housekeeper] com.zaxxer.hikari.pool.HikariPool - MyHikariPool - Before cleanup stats (total=5/10, idle=5/5, active=0, waiting=0)
2025-12-09 15:57:57 DEBUG [MyHikariPool:housekeeper] com.zaxxer.hikari.pool.HikariPool - MyHikariPool - After  cleanup stats (total=5/10, idle=5/5, active=0, waiting=0)
2025-12-09 15:57:57 DEBUG [MyHikariPool:housekeeper] com.zaxxer.hikari.pool.HikariPool - MyHikariPool - Fill pool skipped, pool has sufficient level or currently being filled.
2025-12-09 15:57:57 DEBUG [MyHikariPool:housekeeper] com.zaxxer.hikari.pool.HikariPool - MyHikariPool - keepalive: connection com.mysql.cj.jdbc.ConnectionImpl@2d07aacc is alive
2025-12-09 15:58:04 DEBUG [MyHikariPool:housekeeper] com.zaxxer.hikari.pool.HikariPool - MyHikariPool - keepalive: connection com.mysql.cj.jdbc.ConnectionImpl@1d596f02 is alive
2025-12-09 15:58:27 DEBUG [MyHikariPool:housekeeper] com.zaxxer.hikari.pool.HikariPool - MyHikariPool - Before cleanup stats (total=5/10, idle=5/5, active=0, waiting=0)
2025-12-09 15:58:27 DEBUG [MyHikariPool:housekeeper] com.zaxxer.hikari.pool.HikariPool - MyHikariPool - After  cleanup stats (total=5/10, idle=5/5, active=0, waiting=0)
2025-12-09 15:58:27 DEBUG [MyHikariPool:housekeeper] com.zaxxer.hikari.pool.HikariPool - MyHikariPool - Fill pool skipped, pool has sufficient level or currently being filled.
2025-12-09 15:58:42 DEBUG [MyHikariPool:housekeeper] com.zaxxer.hikari.pool.HikariPool - MyHikariPool - keepalive: connection com.mysql.cj.jdbc.ConnectionImpl@4cc16ca5 is alive
2025-12-09 15:58:43 DEBUG [MyHikariPool:housekeeper] com.zaxxer.hikari.pool.HikariPool - MyHikariPool - keepalive: connection com.mysql.cj.jdbc.ConnectionImpl@3c4b9a76 is alive
2025-12-09 15:58:57 DEBUG [MyHikariPool:housekeeper] com.zaxxer.hikari.pool.HikariPool - MyHikariPool - Before cleanup stats (total=5/10, idle=5/5, active=0, waiting=0)
2025-12-09 15:58:57 DEBUG [MyHikariPool:housekeeper] com.zaxxer.hikari.pool.HikariPool - MyHikariPool - After  cleanup stats (total=5/10, idle=5/5, active=0, waiting=0)
2025-12-09 15:58:57 DEBUG [MyHikariPool:housekeeper] com.zaxxer.hikari.pool.HikariPool - MyHikariPool - Fill pool skipped, pool has sufficient level or currently being filled.
2025-12-09 15:59:27 DEBUG [MyHikariPool:housekeeper] com.zaxxer.hikari.pool.HikariPool - MyHikariPool - Before cleanup stats (total=5/10, idle=5/5, active=0, waiting=0)
2025-12-09 15:59:27 DEBUG [MyHikariPool:housekeeper] com.zaxxer.hikari.pool.HikariPool - MyHikariPool - After  cleanup stats (total=5/10, idle=5/5, active=0, waiting=0)
2025-12-09 15:59:27 DEBUG [MyHikariPool:housekeeper] com.zaxxer.hikari.pool.HikariPool - MyHikariPool - Fill pool skipped, pool has sufficient level or currently being filled.
2025-12-09 15:59:32 DEBUG [MyHikariPool:housekeeper] com.zaxxer.hikari.pool.HikariPool - MyHikariPool - keepalive: connection com.mysql.cj.jdbc.ConnectionImpl@7d76904d is alive
2025-12-09 15:59:38 DEBUG [MyHikariPool:housekeeper] com.zaxxer.hikari.pool.HikariPool - MyHikariPool - keepalive: connection com.mysql.cj.jdbc.ConnectionImpl@2d07aacc is alive
2025-12-09 15:59:46 DEBUG [MyHikariPool:housekeeper] com.zaxxer.hikari.pool.HikariPool - MyHikariPool - keepalive: connection com.mysql.cj.jdbc.ConnectionImpl@1d596f02 is alive
2025-12-09 15:59:57 DEBUG [MyHikariPool:housekeeper] com.zaxxer.hikari.pool.HikariPool - MyHikariPool - Before cleanup stats (total=5/10, idle=5/5, active=0, waiting=0)
2025-12-09 15:59:57 DEBUG [MyHikariPool:housekeeper] com.zaxxer.hikari.pool.HikariPool - MyHikariPool - After  cleanup stats (total=5/10, idle=5/5, active=0, waiting=0)
2025-12-09 15:59:57 DEBUG [MyHikariPool:housekeeper] com.zaxxer.hikari.pool.HikariPool - MyHikariPool - Fill pool skipped, pool has sufficient level or currently being filled.
2025-12-09 16:00:27 DEBUG [MyHikariPool:housekeeper] com.zaxxer.hikari.pool.HikariPool - MyHikariPool - Before cleanup stats (total=5/10, idle=5/5, active=0, waiting=0)
2025-12-09 16:00:27 DEBUG [MyHikariPool:housekeeper] com.zaxxer.hikari.pool.HikariPool - MyHikariPool - After  cleanup stats (total=5/10, idle=5/5, active=0, waiting=0)
2025-12-09 16:00:27 DEBUG [MyHikariPool:housekeeper] com.zaxxer.hikari.pool.HikariPool - MyHikariPool - Fill pool skipped, pool has sufficient level or currently being filled.
2025-12-09 16:00:37 DEBUG [MyHikariPool:housekeeper] com.zaxxer.hikari.pool.HikariPool - MyHikariPool - keepalive: connection com.mysql.cj.jdbc.ConnectionImpl@4cc16ca5 is alive
2025-12-09 16:00:39 DEBUG [MyHikariPool:housekeeper] com.zaxxer.hikari.pool.HikariPool - MyHikariPool - keepalive: connection com.mysql.cj.jdbc.ConnectionImpl@3c4b9a76 is alive
2025-12-09 16:00:57 DEBUG [MyHikariPool:housekeeper] com.zaxxer.hikari.pool.HikariPool - MyHikariPool - Before cleanup stats (total=5/10, idle=5/5, active=0, waiting=0)
2025-12-09 16:00:57 DEBUG [MyHikariPool:housekeeper] com.zaxxer.hikari.pool.HikariPool - MyHikariPool - After  cleanup stats (total=5/10, idle=5/5, active=0, waiting=0)
2025-12-09 16:00:57 DEBUG [MyHikariPool:housekeeper] com.zaxxer.hikari.pool.HikariPool - MyHikariPool - Fill pool skipped, pool has sufficient level or currently being filled.
2025-12-09 16:01:11 DEBUG [MyHikariPool:housekeeper] com.zaxxer.hikari.pool.HikariPool - MyHikariPool - keepalive: connection com.mysql.cj.jdbc.ConnectionImpl@7d76904d is alive
2025-12-09 16:01:18 DEBUG [MyHikariPool:housekeeper] com.zaxxer.hikari.pool.HikariPool - MyHikariPool - keepalive: connection com.mysql.cj.jdbc.ConnectionImpl@2d07aacc is alive
2025-12-09 16:01:27 DEBUG [MyHikariPool:housekeeper] com.zaxxer.hikari.pool.HikariPool - MyHikariPool - Before cleanup stats (total=5/10, idle=5/5, active=0, waiting=0)
2025-12-09 16:01:27 DEBUG [MyHikariPool:housekeeper] com.zaxxer.hikari.pool.HikariPool - MyHikariPool - After  cleanup stats (total=5/10, idle=5/5, active=0, waiting=0)
2025-12-09 16:01:27 DEBUG [MyHikariPool:housekeeper] com.zaxxer.hikari.pool.HikariPool - MyHikariPool - Fill pool skipped, pool has sufficient level or currently being filled.
2025-12-09 16:01:29 DEBUG [MyHikariPool:housekeeper] com.zaxxer.hikari.pool.HikariPool - MyHikariPool - keepalive: connection com.mysql.cj.jdbc.ConnectionImpl@1d596f02 is alive
2025-12-09 16:01:31 INFO  [SpringApplicationShutdownHook] o.s.b.w.e.tomcat.GracefulShutdown - Commencing graceful shutdown. Waiting for active requests to complete
2025-12-09 16:01:31 INFO  [tomcat-shutdown] o.s.b.w.e.tomcat.GracefulShutdown - Graceful shutdown complete
2025-12-09 16:01:31 INFO  [SpringApplicationShutdownHook] o.s.o.j.LocalContainerEntityManagerFactoryBean - Closing JPA EntityManagerFactory for persistence unit 'default'
2025-12-09 16:01:31 INFO  [SpringApplicationShutdownHook] com.zaxxer.hikari.HikariDataSource - MyHikariPool - Shutdown initiated...
2025-12-09 16:01:31 DEBUG [SpringApplicationShutdownHook] com.zaxxer.hikari.pool.HikariPool - MyHikariPool - Before shutdown stats (total=5/10, idle=5/5, active=0, waiting=0)
2025-12-09 16:01:31 DEBUG [MyHikariPool:connection-closer] com.zaxxer.hikari.pool.PoolBase - MyHikariPool - Closing connection com.mysql.cj.jdbc.ConnectionImpl@2d07aacc: (connection evicted)
2025-12-09 16:01:31 DEBUG [MyHikariPool:connection-closer] com.zaxxer.hikari.pool.PoolBase - MyHikariPool - Closing connection com.mysql.cj.jdbc.ConnectionImpl@3c4b9a76: (connection evicted)
2025-12-09 16:01:31 DEBUG [MyHikariPool:connection-closer] com.zaxxer.hikari.pool.PoolBase - MyHikariPool - Closing connection com.mysql.cj.jdbc.ConnectionImpl@7d76904d: (connection evicted)
2025-12-09 16:01:31 DEBUG [MyHikariPool:connection-closer] com.zaxxer.hikari.pool.PoolBase - MyHikariPool - Closing connection com.mysql.cj.jdbc.ConnectionImpl@4cc16ca5: (connection evicted)
2025-12-09 16:01:31 DEBUG [MyHikariPool:connection-closer] com.zaxxer.hikari.pool.PoolBase - MyHikariPool - Closing connection com.mysql.cj.jdbc.ConnectionImpl@1d596f02: (connection evicted)
2025-12-09 16:01:31 DEBUG [SpringApplicationShutdownHook] com.zaxxer.hikari.pool.HikariPool - MyHikariPool - After  shutdown stats (total=0/10, idle=0/5, active=0, waiting=0)
2025-12-09 16:01:31 INFO  [SpringApplicationShutdownHook] com.zaxxer.hikari.HikariDataSource - MyHikariPool - Shutdown completed.
2025-12-09 16:01:39 INFO  [main] c.a.w.WebapplicationApplication - Starting WebapplicationApplication using Java 17.0.3 with PID 10444 (/home/ajith/Desktop/AbinavWorkSpace/webapplication/target/classes started by ajith in /home/ajith/Desktop/AbinavWorkSpace/webapplication)
2025-12-09 16:01:39 INFO  [main] c.a.w.WebapplicationApplication - No active profile set, falling back to 1 default profile: "default"
2025-12-09 16:01:40 INFO  [main] o.s.d.r.c.RepositoryConfigurationDelegate - Bootstrapping Spring Data JPA repositories in DEFAULT mode.
2025-12-09 16:01:40 INFO  [main] o.s.d.r.c.RepositoryConfigurationDelegate - Finished Spring Data repository scanning in 92 ms. Found 5 JPA repository interfaces.
2025-12-09 16:01:40 INFO  [main] o.s.b.w.e.tomcat.TomcatWebServer - Tomcat initialized with port 8080 (http)
2025-12-09 16:01:40 INFO  [main] o.a.coyote.http11.Http11NioProtocol - Initializing ProtocolHandler ["http-nio-8080"]
2025-12-09 16:01:40 INFO  [main] o.a.catalina.core.StandardService - Starting service [Tomcat]
2025-12-09 16:01:40 INFO  [main] o.a.catalina.core.StandardEngine - Starting Servlet engine: [Apache Tomcat/10.1.41]
2025-12-09 16:01:40 INFO  [main] o.a.c.c.C.[Tomcat].[localhost].[/] - Initializing Spring embedded WebApplicationContext
2025-12-09 16:01:40 INFO  [main] o.s.b.w.s.c.ServletWebServerApplicationContext - Root WebApplicationContext: initialization completed in 1457 ms
2025-12-09 16:01:40 DEBUG [main] com.zaxxer.hikari.HikariConfig - Class com.mysql.cj.jdbc.Driver found in Thread context class loader TomcatEmbeddedWebappClassLoader
  context: ROOT
  delegate: true
----------> Parent Classloader:
jdk.internal.loader.ClassLoaders$AppClassLoader@5cb0d902

2025-12-09 16:01:40 INFO  [main] o.h.jpa.internal.util.LogHelper - HHH000204: Processing PersistenceUnitInfo [name: default]
2025-12-09 16:01:40 INFO  [main] org.hibernate.Version - HHH000412: Hibernate ORM core version 6.6.15.Final
2025-12-09 16:01:40 INFO  [main] o.h.c.i.RegionFactoryInitiator - HHH000026: Second-level cache disabled
2025-12-09 16:01:41 INFO  [main] o.s.o.j.p.SpringPersistenceUnitInfo - No LoadTimeWeaver setup: ignoring JPA class transformer
2025-12-09 16:01:41 DEBUG [main] com.zaxxer.hikari.HikariConfig - MyHikariPool - configuration:
2025-12-09 16:01:41 DEBUG [main] com.zaxxer.hikari.HikariConfig - allowPoolSuspension.............false
2025-12-09 16:01:41 DEBUG [main] com.zaxxer.hikari.HikariConfig - autoCommit......................true
2025-12-09 16:01:41 DEBUG [main] com.zaxxer.hikari.HikariConfig - catalog.........................none
2025-12-09 16:01:41 DEBUG [main] com.zaxxer.hikari.HikariConfig - connectionInitSql...............none
2025-12-09 16:01:41 DEBUG [main] com.zaxxer.hikari.HikariConfig - connectionTestQuery............."SELECT 1"
2025-12-09 16:01:41 DEBUG [main] com.zaxxer.hikari.HikariConfig - connectionTimeout...............30000
2025-12-09 16:01:41 DEBUG [main] com.zaxxer.hikari.HikariConfig - credentials.....................com.zaxxer.hikari.util.Credentials@69ba3f4e
2025-12-09 16:01:41 DEBUG [main] com.zaxxer.hikari.HikariConfig - dataSource......................none
2025-12-09 16:01:41 DEBUG [main] com.zaxxer.hikari.HikariConfig - dataSourceClassName.............none
2025-12-09 16:01:41 DEBUG [main] com.zaxxer.hikari.HikariConfig - dataSourceJNDI..................none
2025-12-09 16:01:41 DEBUG [main] com.zaxxer.hikari.HikariConfig - dataSourceProperties............{password=<masked>}
2025-12-09 16:01:41 DEBUG [main] com.zaxxer.hikari.HikariConfig - driverClassName................."com.mysql.cj.jdbc.Driver"
2025-12-09 16:01:41 DEBUG [main] com.zaxxer.hikari.HikariConfig - exceptionOverride...............none
2025-12-09 16:01:41 DEBUG [main] com.zaxxer.hikari.HikariConfig - exceptionOverrideClassName......none
2025-12-09 16:01:41 DEBUG [main] com.zaxxer.hikari.HikariConfig - healthCheckProperties...........{}
2025-12-09 16:01:41 DEBUG [main] com.zaxxer.hikari.HikariConfig - healthCheckRegistry.............none
2025-12-09 16:01:41 DEBUG [main] com.zaxxer.hikari.HikariConfig - idleTimeout.....................30000
2025-12-09 16:01:41 DEBUG [main] com.zaxxer.hikari.HikariConfig - initializationFailTimeout.......1
2025-12-09 16:01:41 DEBUG [main] com.zaxxer.hikari.HikariConfig - isolateInternalQueries..........false
2025-12-09 16:01:41 DEBUG [main] com.zaxxer.hikari.HikariConfig - jdbcUrl.........................jdbc:mysql://localhost:3306/social_media?useSSL=false&serverTimezone=UTC
2025-12-09 16:01:41 DEBUG [main] com.zaxxer.hikari.HikariConfig - keepaliveTime...................120000
2025-12-09 16:01:41 DEBUG [main] com.zaxxer.hikari.HikariConfig - leakDetectionThreshold..........0
2025-12-09 16:01:41 DEBUG [main] com.zaxxer.hikari.HikariConfig - maxLifetime.....................1800000
2025-12-09 16:01:41 DEBUG [main] com.zaxxer.hikari.HikariConfig - maximumPoolSize.................10
2025-12-09 16:01:41 DEBUG [main] com.zaxxer.hikari.HikariConfig - metricRegistry..................none
2025-12-09 16:01:41 DEBUG [main] com.zaxxer.hikari.HikariConfig - metricsTrackerFactory...........none
2025-12-09 16:01:41 DEBUG [main] com.zaxxer.hikari.HikariConfig - minimumIdle.....................5
2025-12-09 16:01:41 DEBUG [main] com.zaxxer.hikari.HikariConfig - password........................<masked>
2025-12-09 16:01:41 DEBUG [main] com.zaxxer.hikari.HikariConfig - poolName........................"MyHikariPool"
2025-12-09 16:01:41 DEBUG [main] com.zaxxer.hikari.HikariConfig - readOnly........................false
2025-12-09 16:01:41 DEBUG [main] com.zaxxer.hikari.HikariConfig - registerMbeans..................false
2025-12-09 16:01:41 DEBUG [main] com.zaxxer.hikari.HikariConfig - scheduledExecutor...............none
2025-12-09 16:01:41 DEBUG [main] com.zaxxer.hikari.HikariConfig - schema..........................none
2025-12-09 16:01:41 DEBUG [main] com.zaxxer.hikari.HikariConfig - threadFactory...................internal
2025-12-09 16:01:41 DEBUG [main] com.zaxxer.hikari.HikariConfig - transactionIsolation............default
2025-12-09 16:01:41 DEBUG [main] com.zaxxer.hikari.HikariConfig - username........................"root"
2025-12-09 16:01:41 DEBUG [main] com.zaxxer.hikari.HikariConfig - validationTimeout...............5000
2025-12-09 16:01:41 INFO  [main] com.zaxxer.hikari.HikariDataSource - MyHikariPool - Starting...
2025-12-09 16:01:41 DEBUG [main] com.zaxxer.hikari.pool.PoolBase - MyHikariPool - Attempting to create/setup new connection (2f3decfb-2f97-4f3f-aabb-329fbe9fc875)
2025-12-09 16:01:41 DEBUG [main] com.zaxxer.hikari.pool.PoolBase - MyHikariPool - Established new connection (2f3decfb-2f97-4f3f-aabb-329fbe9fc875)
2025-12-09 16:01:41 INFO  [main] com.zaxxer.hikari.pool.HikariPool - MyHikariPool - Added connection com.mysql.cj.jdbc.ConnectionImpl@350f18a6
2025-12-09 16:01:41 INFO  [main] com.zaxxer.hikari.HikariDataSource - MyHikariPool - Start completed.
2025-12-09 16:01:41 WARN  [main] org.hibernate.orm.deprecation - HHH90000025: MySQLDialect does not need to be specified explicitly using 'hibernate.dialect' (remove the property setting and it will be selected by default)
2025-12-09 16:01:41 INFO  [main] o.hibernate.orm.connections.pooling - HHH10001005: Database info:
	Database JDBC URL [Connecting through datasource 'HikariDataSource (MyHikariPool)']
	Database driver: undefined/unknown
	Database version: 8.0.29
	Autocommit mode: undefined/unknown
	Isolation level: undefined/unknown
	Minimum pool size: undefined/unknown
	Maximum pool size: undefined/unknown
2025-12-09 16:01:41 DEBUG [MyHikariPool:housekeeper] com.zaxxer.hikari.pool.HikariPool - MyHikariPool - Before cleanup stats (total=1/10, idle=1/5, active=0, waiting=0)
2025-12-09 16:01:41 DEBUG [MyHikariPool:housekeeper] com.zaxxer.hikari.pool.HikariPool - MyHikariPool - After  cleanup stats (total=1/10, idle=1/5, active=0, waiting=0)
2025-12-09 16:01:41 DEBUG [MyHikariPool:connection-adder] com.zaxxer.hikari.pool.PoolBase - MyHikariPool - Attempting to create/setup new connection (4221d68e-30ae-490e-867b-2fab2d3d75a1)
2025-12-09 16:01:41 DEBUG [MyHikariPool:connection-adder] com.zaxxer.hikari.pool.PoolBase - MyHikariPool - Established new connection (4221d68e-30ae-490e-867b-2fab2d3d75a1)
2025-12-09 16:01:41 DEBUG [MyHikariPool:connection-adder] com.zaxxer.hikari.pool.HikariPool - MyHikariPool - Added connection com.mysql.cj.jdbc.ConnectionImpl@2b322831
2025-12-09 16:01:41 DEBUG [MyHikariPool:connection-adder] com.zaxxer.hikari.pool.HikariPool - MyHikariPool - After adding stats (total=2/10, idle=2/5, active=0, waiting=0)
2025-12-09 16:01:41 DEBUG [MyHikariPool:connection-adder] com.zaxxer.hikari.pool.PoolBase - MyHikariPool - Attempting to create/setup new connection (b9e02747-dd9b-480b-a2fe-595cfb95371c)
2025-12-09 16:01:41 DEBUG [MyHikariPool:connection-adder] com.zaxxer.hikari.pool.PoolBase - MyHikariPool - Established new connection (b9e02747-dd9b-480b-a2fe-595cfb95371c)
2025-12-09 16:01:41 DEBUG [MyHikariPool:connection-adder] com.zaxxer.hikari.pool.HikariPool - MyHikariPool - Added connection com.mysql.cj.jdbc.ConnectionImpl@6a0f220a
2025-12-09 16:01:41 DEBUG [MyHikariPool:connection-adder] com.zaxxer.hikari.pool.HikariPool - MyHikariPool - After adding stats (total=3/10, idle=3/5, active=0, waiting=0)
2025-12-09 16:01:41 DEBUG [MyHikariPool:connection-adder] com.zaxxer.hikari.pool.PoolBase - MyHikariPool - Attempting to create/setup new connection (2eee3f9c-daf1-4818-8adb-20baac8ffbd3)
2025-12-09 16:01:41 DEBUG [MyHikariPool:connection-adder] com.zaxxer.hikari.pool.PoolBase - MyHikariPool - Established new connection (2eee3f9c-daf1-4818-8adb-20baac8ffbd3)
2025-12-09 16:01:41 DEBUG [MyHikariPool:connection-adder] com.zaxxer.hikari.pool.HikariPool - MyHikariPool - Added connection com.mysql.cj.jdbc.ConnectionImpl@5b2f2823
2025-12-09 16:01:41 DEBUG [MyHikariPool:connection-adder] com.zaxxer.hikari.pool.HikariPool - MyHikariPool - After adding stats (total=4/10, idle=4/5, active=0, waiting=0)
2025-12-09 16:01:41 DEBUG [MyHikariPool:connection-adder] com.zaxxer.hikari.pool.PoolBase - MyHikariPool - Attempting to create/setup new connection (75bfcbfc-089e-406c-af33-4af058f13010)
2025-12-09 16:01:41 DEBUG [MyHikariPool:connection-adder] com.zaxxer.hikari.pool.PoolBase - MyHikariPool - Established new connection (75bfcbfc-089e-406c-af33-4af058f13010)
2025-12-09 16:01:41 DEBUG [MyHikariPool:connection-adder] com.zaxxer.hikari.pool.HikariPool - MyHikariPool - Added connection com.mysql.cj.jdbc.ConnectionImpl@a20dd45
2025-12-09 16:01:41 DEBUG [MyHikariPool:connection-adder] com.zaxxer.hikari.pool.HikariPool - MyHikariPool - After adding stats (total=5/10, idle=5/5, active=0, waiting=0)
2025-12-09 16:01:42 INFO  [main] o.h.e.t.j.p.i.JtaPlatformInitiator - HHH000489: No JTA platform available (set 'hibernate.transaction.jta.platform' to enable JTA platform integration)
2025-12-09 16:01:42 INFO  [main] o.s.o.j.LocalContainerEntityManagerFactoryBean - Initialized JPA EntityManagerFactory for persistence unit 'default'
2025-12-09 16:01:42 INFO  [main] o.s.s.c.a.a.c.InitializeAuthenticationProviderBeanManagerConfigurer$InitializeAuthenticationProviderManagerConfigurer - Global AuthenticationManager configured with AuthenticationProvider bean with name authenticationProvider
2025-12-09 16:01:42 WARN  [main] o.s.s.c.a.a.c.InitializeUserDetailsBeanManagerConfigurer$InitializeUserDetailsManagerConfigurer - Global AuthenticationManager configured with an AuthenticationProvider bean. UserDetailsService beans will not be used by Spring Security for automatically configuring username/password login. Consider removing the AuthenticationProvider bean. Alternatively, consider using the UserDetailsService in a manually instantiated DaoAuthenticationProvider. If the current configuration is intentional, to turn off this warning, increase the logging level of 'org.springframework.security.config.annotation.authentication.configuration.InitializeUserDetailsBeanManagerConfigurer' to ERROR
2025-12-09 16:01:42 WARN  [main] o.s.b.a.o.j.JpaBaseConfiguration$JpaWebConfiguration - spring.jpa.open-in-view is enabled by default. Therefore, database queries may be performed during view rendering. Explicitly configure spring.jpa.open-in-view to disable this warning
2025-12-09 16:01:43 INFO  [main] o.a.coyote.http11.Http11NioProtocol - Starting ProtocolHandler ["http-nio-8080"]
2025-12-09 16:01:43 INFO  [main] o.s.b.w.e.tomcat.TomcatWebServer - Tomcat started on port 8080 (http) with context path '/'
2025-12-09 16:01:43 INFO  [main] c.a.w.WebapplicationApplication - Started WebapplicationApplication in 5.072 seconds (process running for 5.415)
2025-12-09 16:01:44 INFO  [http-nio-8080-exec-1] o.a.c.c.C.[Tomcat].[localhost].[/] - Initializing Spring DispatcherServlet 'dispatcherServlet'
2025-12-09 16:01:44 INFO  [http-nio-8080-exec-1] o.s.web.servlet.DispatcherServlet - Initializing Servlet 'dispatcherServlet'
2025-12-09 16:01:44 INFO  [http-nio-8080-exec-1] o.s.web.servlet.DispatcherServlet - Completed initialization in 1 ms
2025-12-09 16:02:11 DEBUG [MyHikariPool:housekeeper] com.zaxxer.hikari.pool.HikariPool - MyHikariPool - Before cleanup stats (total=5/10, idle=5/5, active=0, waiting=0)
2025-12-09 16:02:11 DEBUG [MyHikariPool:housekeeper] com.zaxxer.hikari.pool.HikariPool - MyHikariPool - After  cleanup stats (total=5/10, idle=5/5, active=0, waiting=0)
2025-12-09 16:02:11 DEBUG [MyHikariPool:housekeeper] com.zaxxer.hikari.pool.HikariPool - MyHikariPool - Fill pool skipped, pool has sufficient level or currently being filled.
2025-12-09 16:02:41 DEBUG [MyHikariPool:housekeeper] com.zaxxer.hikari.pool.HikariPool - MyHikariPool - Before cleanup stats (total=5/10, idle=5/5, active=0, waiting=0)
2025-12-09 16:02:41 DEBUG [MyHikariPool:housekeeper] com.zaxxer.hikari.pool.HikariPool - MyHikariPool - After  cleanup stats (total=5/10, idle=5/5, active=0, waiting=0)
2025-12-09 16:02:41 DEBUG [MyHikariPool:housekeeper] com.zaxxer.hikari.pool.HikariPool - MyHikariPool - Fill pool skipped, pool has sufficient level or currently being filled.
2025-12-09 16:03:11 DEBUG [MyHikariPool:housekeeper] com.zaxxer.hikari.pool.HikariPool - MyHikariPool - Before cleanup stats (total=5/10, idle=5/5, active=0, waiting=0)
2025-12-09 16:03:11 DEBUG [MyHikariPool:housekeeper] com.zaxxer.hikari.pool.HikariPool - MyHikariPool - After  cleanup stats (total=5/10, idle=5/5, active=0, waiting=0)
2025-12-09 16:03:11 DEBUG [MyHikariPool:housekeeper] com.zaxxer.hikari.pool.HikariPool - MyHikariPool - Fill pool skipped, pool has sufficient level or currently being filled.
2025-12-09 16:03:16 INFO  [SpringApplicationShutdownHook] o.s.b.w.e.tomcat.GracefulShutdown - Commencing graceful shutdown. Waiting for active requests to complete
2025-12-09 16:03:16 INFO  [tomcat-shutdown] o.s.b.w.e.tomcat.GracefulShutdown - Graceful shutdown complete
2025-12-09 16:03:16 INFO  [SpringApplicationShutdownHook] o.s.o.j.LocalContainerEntityManagerFactoryBean - Closing JPA EntityManagerFactory for persistence unit 'default'
2025-12-09 16:03:16 INFO  [SpringApplicationShutdownHook] com.zaxxer.hikari.HikariDataSource - MyHikariPool - Shutdown initiated...
2025-12-09 16:03:16 DEBUG [SpringApplicationShutdownHook] com.zaxxer.hikari.pool.HikariPool - MyHikariPool - Before shutdown stats (total=5/10, idle=5/5, active=0, waiting=0)
2025-12-09 16:03:16 DEBUG [MyHikariPool:connection-closer] com.zaxxer.hikari.pool.PoolBase - MyHikariPool - Closing connection com.mysql.cj.jdbc.ConnectionImpl@350f18a6: (connection evicted)
2025-12-09 16:03:16 DEBUG [MyHikariPool:connection-closer] com.zaxxer.hikari.pool.PoolBase - MyHikariPool - Closing connection com.mysql.cj.jdbc.ConnectionImpl@2b322831: (connection evicted)
2025-12-09 16:03:16 DEBUG [MyHikariPool:connection-closer] com.zaxxer.hikari.pool.PoolBase - MyHikariPool - Closing connection com.mysql.cj.jdbc.ConnectionImpl@6a0f220a: (connection evicted)
2025-12-09 16:03:16 DEBUG [MyHikariPool:connection-closer] com.zaxxer.hikari.pool.PoolBase - MyHikariPool - Closing connection com.mysql.cj.jdbc.ConnectionImpl@5b2f2823: (connection evicted)
2025-12-09 16:03:16 DEBUG [MyHikariPool:connection-closer] com.zaxxer.hikari.pool.PoolBase - MyHikariPool - Closing connection com.mysql.cj.jdbc.ConnectionImpl@a20dd45: (connection evicted)
2025-12-09 16:03:16 DEBUG [SpringApplicationShutdownHook] com.zaxxer.hikari.pool.HikariPool - MyHikariPool - After  shutdown stats (total=0/10, idle=0/5, active=0, waiting=0)
2025-12-09 16:03:16 INFO  [SpringApplicationShutdownHook] com.zaxxer.hikari.HikariDataSource - MyHikariPool - Shutdown completed.
2025-12-09 19:05:08 INFO  [main] c.a.w.WebapplicationApplication - Starting WebapplicationApplication using Java 17.0.3 with PID 53239 (/home/ajith/Desktop/AbinavWorkSpace/webapplication/target/classes started by ajith in /home/ajith/Desktop/AbinavWorkSpace/webapplication)
2025-12-09 19:05:08 INFO  [main] c.a.w.WebapplicationApplication - No active profile set, falling back to 1 default profile: "default"
2025-12-09 19:05:10 INFO  [main] o.s.d.r.c.RepositoryConfigurationDelegate - Bootstrapping Spring Data JPA repositories in DEFAULT mode.
2025-12-09 19:05:10 INFO  [main] o.s.d.r.c.RepositoryConfigurationDelegate - Finished Spring Data repository scanning in 148 ms. Found 5 JPA repository interfaces.
2025-12-09 19:05:11 INFO  [main] o.s.b.w.e.tomcat.TomcatWebServer - Tomcat initialized with port 8080 (http)
2025-12-09 19:05:11 INFO  [main] o.a.coyote.http11.Http11NioProtocol - Initializing ProtocolHandler ["http-nio-8080"]
2025-12-09 19:05:11 INFO  [main] o.a.catalina.core.StandardService - Starting service [Tomcat]
2025-12-09 19:05:11 INFO  [main] o.a.catalina.core.StandardEngine - Starting Servlet engine: [Apache Tomcat/10.1.41]
2025-12-09 19:05:11 INFO  [main] o.a.c.c.C.[Tomcat].[localhost].[/] - Initializing Spring embedded WebApplicationContext
2025-12-09 19:05:11 INFO  [main] o.s.b.w.s.c.ServletWebServerApplicationContext - Root WebApplicationContext: initialization completed in 2593 ms
2025-12-09 19:05:11 DEBUG [main] com.zaxxer.hikari.HikariConfig - Class com.mysql.cj.jdbc.Driver found in Thread context class loader TomcatEmbeddedWebappClassLoader
  context: ROOT
  delegate: true
----------> Parent Classloader:
jdk.internal.loader.ClassLoaders$AppClassLoader@5cb0d902

2025-12-09 19:05:11 INFO  [main] o.h.jpa.internal.util.LogHelper - HHH000204: Processing PersistenceUnitInfo [name: default]
2025-12-09 19:05:11 INFO  [main] org.hibernate.Version - HHH000412: Hibernate ORM core version 6.6.15.Final
2025-12-09 19:05:12 INFO  [main] o.h.c.i.RegionFactoryInitiator - HHH000026: Second-level cache disabled
2025-12-09 19:05:12 INFO  [main] o.s.o.j.p.SpringPersistenceUnitInfo - No LoadTimeWeaver setup: ignoring JPA class transformer
2025-12-09 19:05:12 DEBUG [main] com.zaxxer.hikari.HikariConfig - MyHikariPool - configuration:
2025-12-09 19:05:12 DEBUG [main] com.zaxxer.hikari.HikariConfig - allowPoolSuspension.............false
2025-12-09 19:05:12 DEBUG [main] com.zaxxer.hikari.HikariConfig - autoCommit......................true
2025-12-09 19:05:12 DEBUG [main] com.zaxxer.hikari.HikariConfig - catalog.........................none
2025-12-09 19:05:12 DEBUG [main] com.zaxxer.hikari.HikariConfig - connectionInitSql...............none
2025-12-09 19:05:12 DEBUG [main] com.zaxxer.hikari.HikariConfig - connectionTestQuery............."SELECT 1"
2025-12-09 19:05:12 DEBUG [main] com.zaxxer.hikari.HikariConfig - connectionTimeout...............30000
2025-12-09 19:05:12 DEBUG [main] com.zaxxer.hikari.HikariConfig - credentials.....................com.zaxxer.hikari.util.Credentials@65d73bd
2025-12-09 19:05:12 DEBUG [main] com.zaxxer.hikari.HikariConfig - dataSource......................none
2025-12-09 19:05:12 DEBUG [main] com.zaxxer.hikari.HikariConfig - dataSourceClassName.............none
2025-12-09 19:05:12 DEBUG [main] com.zaxxer.hikari.HikariConfig - dataSourceJNDI..................none
2025-12-09 19:05:12 DEBUG [main] com.zaxxer.hikari.HikariConfig - dataSourceProperties............{password=<masked>}
2025-12-09 19:05:12 DEBUG [main] com.zaxxer.hikari.HikariConfig - driverClassName................."com.mysql.cj.jdbc.Driver"
2025-12-09 19:05:12 DEBUG [main] com.zaxxer.hikari.HikariConfig - exceptionOverride...............none
2025-12-09 19:05:12 DEBUG [main] com.zaxxer.hikari.HikariConfig - exceptionOverrideClassName......none
2025-12-09 19:05:12 DEBUG [main] com.zaxxer.hikari.HikariConfig - healthCheckProperties...........{}
2025-12-09 19:05:12 DEBUG [main] com.zaxxer.hikari.HikariConfig - healthCheckRegistry.............none
2025-12-09 19:05:12 DEBUG [main] com.zaxxer.hikari.HikariConfig - idleTimeout.....................30000
2025-12-09 19:05:12 DEBUG [main] com.zaxxer.hikari.HikariConfig - initializationFailTimeout.......1
2025-12-09 19:05:12 DEBUG [main] com.zaxxer.hikari.HikariConfig - isolateInternalQueries..........false
2025-12-09 19:05:12 DEBUG [main] com.zaxxer.hikari.HikariConfig - jdbcUrl.........................jdbc:mysql://localhost:3306/social_media?useSSL=false&serverTimezone=UTC
2025-12-09 19:05:12 DEBUG [main] com.zaxxer.hikari.HikariConfig - keepaliveTime...................120000
2025-12-09 19:05:12 DEBUG [main] com.zaxxer.hikari.HikariConfig - leakDetectionThreshold..........0
2025-12-09 19:05:12 DEBUG [main] com.zaxxer.hikari.HikariConfig - maxLifetime.....................1800000
2025-12-09 19:05:12 DEBUG [main] com.zaxxer.hikari.HikariConfig - maximumPoolSize.................10
2025-12-09 19:05:12 DEBUG [main] com.zaxxer.hikari.HikariConfig - metricRegistry..................none
2025-12-09 19:05:12 DEBUG [main] com.zaxxer.hikari.HikariConfig - metricsTrackerFactory...........none
2025-12-09 19:05:12 DEBUG [main] com.zaxxer.hikari.HikariConfig - minimumIdle.....................5
2025-12-09 19:05:12 DEBUG [main] com.zaxxer.hikari.HikariConfig - password........................<masked>
2025-12-09 19:05:12 DEBUG [main] com.zaxxer.hikari.HikariConfig - poolName........................"MyHikariPool"
2025-12-09 19:05:12 DEBUG [main] com.zaxxer.hikari.HikariConfig - readOnly........................false
2025-12-09 19:05:12 DEBUG [main] com.zaxxer.hikari.HikariConfig - registerMbeans..................false
2025-12-09 19:05:12 DEBUG [main] com.zaxxer.hikari.HikariConfig - scheduledExecutor...............none
2025-12-09 19:05:12 DEBUG [main] com.zaxxer.hikari.HikariConfig - schema..........................none
2025-12-09 19:05:12 DEBUG [main] com.zaxxer.hikari.HikariConfig - threadFactory...................internal
2025-12-09 19:05:12 DEBUG [main] com.zaxxer.hikari.HikariConfig - transactionIsolation............default
2025-12-09 19:05:12 DEBUG [main] com.zaxxer.hikari.HikariConfig - username........................"root"
2025-12-09 19:05:12 DEBUG [main] com.zaxxer.hikari.HikariConfig - validationTimeout...............5000
2025-12-09 19:05:12 INFO  [main] com.zaxxer.hikari.HikariDataSource - MyHikariPool - Starting...
2025-12-09 19:05:12 DEBUG [main] com.zaxxer.hikari.pool.PoolBase - MyHikariPool - Attempting to create/setup new connection (fd9042e4-bb02-4744-ba50-2e01d5f08400)
2025-12-09 19:05:13 DEBUG [main] com.zaxxer.hikari.pool.PoolBase - MyHikariPool - Established new connection (fd9042e4-bb02-4744-ba50-2e01d5f08400)
2025-12-09 19:05:13 INFO  [main] com.zaxxer.hikari.pool.HikariPool - MyHikariPool - Added connection com.mysql.cj.jdbc.ConnectionImpl@685e6a68
2025-12-09 19:05:13 INFO  [main] com.zaxxer.hikari.HikariDataSource - MyHikariPool - Start completed.
2025-12-09 19:05:13 WARN  [main] org.hibernate.orm.deprecation - HHH90000025: MySQLDialect does not need to be specified explicitly using 'hibernate.dialect' (remove the property setting and it will be selected by default)
2025-12-09 19:05:13 DEBUG [MyHikariPool:housekeeper] com.zaxxer.hikari.pool.HikariPool - MyHikariPool - Before cleanup stats (total=1/10, idle=1/5, active=0, waiting=0)
2025-12-09 19:05:13 DEBUG [MyHikariPool:housekeeper] com.zaxxer.hikari.pool.HikariPool - MyHikariPool - After  cleanup stats (total=1/10, idle=1/5, active=0, waiting=0)
2025-12-09 19:05:13 DEBUG [MyHikariPool:connection-adder] com.zaxxer.hikari.pool.PoolBase - MyHikariPool - Attempting to create/setup new connection (b3bf102a-76c1-4e1c-9332-cf98701eda9a)
2025-12-09 19:05:13 INFO  [main] o.hibernate.orm.connections.pooling - HHH10001005: Database info:
	Database JDBC URL [Connecting through datasource 'HikariDataSource (MyHikariPool)']
	Database driver: undefined/unknown
	Database version: 8.0.29
	Autocommit mode: undefined/unknown
	Isolation level: undefined/unknown
	Minimum pool size: undefined/unknown
	Maximum pool size: undefined/unknown
2025-12-09 19:05:13 DEBUG [MyHikariPool:connection-adder] com.zaxxer.hikari.pool.PoolBase - MyHikariPool - Established new connection (b3bf102a-76c1-4e1c-9332-cf98701eda9a)
2025-12-09 19:05:13 DEBUG [MyHikariPool:connection-adder] com.zaxxer.hikari.pool.HikariPool - MyHikariPool - Added connection com.mysql.cj.jdbc.ConnectionImpl@6ed836dd
2025-12-09 19:05:13 DEBUG [MyHikariPool:connection-adder] com.zaxxer.hikari.pool.HikariPool - MyHikariPool - After adding stats (total=2/10, idle=2/5, active=0, waiting=0)
2025-12-09 19:05:13 DEBUG [MyHikariPool:connection-adder] com.zaxxer.hikari.pool.PoolBase - MyHikariPool - Attempting to create/setup new connection (c0885775-9f5c-47bf-8892-f32a5488793a)
2025-12-09 19:05:13 DEBUG [MyHikariPool:connection-adder] com.zaxxer.hikari.pool.PoolBase - MyHikariPool - Established new connection (c0885775-9f5c-47bf-8892-f32a5488793a)
2025-12-09 19:05:13 DEBUG [MyHikariPool:connection-adder] com.zaxxer.hikari.pool.HikariPool - MyHikariPool - Added connection com.mysql.cj.jdbc.ConnectionImpl@2fe53ce6
2025-12-09 19:05:13 DEBUG [MyHikariPool:connection-adder] com.zaxxer.hikari.pool.HikariPool - MyHikariPool - After adding stats (total=3/10, idle=3/5, active=0, waiting=0)
2025-12-09 19:05:13 DEBUG [MyHikariPool:connection-adder] com.zaxxer.hikari.pool.PoolBase - MyHikariPool - Attempting to create/setup new connection (8b195cad-a037-47ce-bade-4616cccb3d74)
2025-12-09 19:05:13 DEBUG [MyHikariPool:connection-adder] com.zaxxer.hikari.pool.PoolBase - MyHikariPool - Established new connection (8b195cad-a037-47ce-bade-4616cccb3d74)
2025-12-09 19:05:13 DEBUG [MyHikariPool:connection-adder] com.zaxxer.hikari.pool.HikariPool - MyHikariPool - Added connection com.mysql.cj.jdbc.ConnectionImpl@1e80913b
2025-12-09 19:05:13 DEBUG [MyHikariPool:connection-adder] com.zaxxer.hikari.pool.HikariPool - MyHikariPool - After adding stats (total=4/10, idle=4/5, active=0, waiting=0)
2025-12-09 19:05:13 DEBUG [MyHikariPool:connection-adder] com.zaxxer.hikari.pool.PoolBase - MyHikariPool - Attempting to create/setup new connection (2f9459e4-0b04-48a2-a98a-f7067e724f24)
2025-12-09 19:05:13 DEBUG [MyHikariPool:connection-adder] com.zaxxer.hikari.pool.PoolBase - MyHikariPool - Established new connection (2f9459e4-0b04-48a2-a98a-f7067e724f24)
2025-12-09 19:05:13 DEBUG [MyHikariPool:connection-adder] com.zaxxer.hikari.pool.HikariPool - MyHikariPool - Added connection com.mysql.cj.jdbc.ConnectionImpl@4fcac3a9
2025-12-09 19:05:13 DEBUG [MyHikariPool:connection-adder] com.zaxxer.hikari.pool.HikariPool - MyHikariPool - After adding stats (total=5/10, idle=5/5, active=0, waiting=0)
2025-12-09 19:05:14 INFO  [main] o.h.e.t.j.p.i.JtaPlatformInitiator - HHH000489: No JTA platform available (set 'hibernate.transaction.jta.platform' to enable JTA platform integration)
2025-12-09 19:05:14 INFO  [main] o.s.o.j.LocalContainerEntityManagerFactoryBean - Initialized JPA EntityManagerFactory for persistence unit 'default'
2025-12-09 19:05:15 INFO  [main] o.s.s.c.a.a.c.InitializeAuthenticationProviderBeanManagerConfigurer$InitializeAuthenticationProviderManagerConfigurer - Global AuthenticationManager configured with AuthenticationProvider bean with name authenticationProvider
2025-12-09 19:05:15 WARN  [main] o.s.s.c.a.a.c.InitializeUserDetailsBeanManagerConfigurer$InitializeUserDetailsManagerConfigurer - Global AuthenticationManager configured with an AuthenticationProvider bean. UserDetailsService beans will not be used by Spring Security for automatically configuring username/password login. Consider removing the AuthenticationProvider bean. Alternatively, consider using the UserDetailsService in a manually instantiated DaoAuthenticationProvider. If the current configuration is intentional, to turn off this warning, increase the logging level of 'org.springframework.security.config.annotation.authentication.configuration.InitializeUserDetailsBeanManagerConfigurer' to ERROR
2025-12-09 19:05:16 WARN  [main] o.s.b.a.o.j.JpaBaseConfiguration$JpaWebConfiguration - spring.jpa.open-in-view is enabled by default. Therefore, database queries may be performed during view rendering. Explicitly configure spring.jpa.open-in-view to disable this warning
2025-12-09 19:05:17 INFO  [main] o.a.coyote.http11.Http11NioProtocol - Starting ProtocolHandler ["http-nio-8080"]
2025-12-09 19:05:17 INFO  [main] o.s.b.w.e.tomcat.TomcatWebServer - Tomcat started on port 8080 (http) with context path '/'
2025-12-09 19:05:17 INFO  [main] c.a.w.WebapplicationApplication - Started WebapplicationApplication in 9.648 seconds (process running for 10.256)
2025-12-09 19:05:29 INFO  [http-nio-8080-exec-1] o.a.c.c.C.[Tomcat].[localhost].[/] - Initializing Spring DispatcherServlet 'dispatcherServlet'
2025-12-09 19:05:29 INFO  [http-nio-8080-exec-1] o.s.web.servlet.DispatcherServlet - Initializing Servlet 'dispatcherServlet'
2025-12-09 19:05:29 INFO  [http-nio-8080-exec-1] o.s.web.servlet.DispatcherServlet - Completed initialization in 2 ms
2025-12-09 19:05:43 DEBUG [MyHikariPool:housekeeper] com.zaxxer.hikari.pool.HikariPool - MyHikariPool - Before cleanup stats (total=5/10, idle=4/5, active=1, waiting=0)
2025-12-09 19:05:43 DEBUG [MyHikariPool:housekeeper] com.zaxxer.hikari.pool.HikariPool - MyHikariPool - After  cleanup stats (total=5/10, idle=4/5, active=1, waiting=0)
2025-12-09 19:05:43 DEBUG [MyHikariPool:connection-adder] com.zaxxer.hikari.pool.PoolBase - MyHikariPool - Attempting to create/setup new connection (6300b2f8-81bc-4e2e-8223-c4edcb5e7e04)
2025-12-09 19:05:43 DEBUG [MyHikariPool:connection-adder] com.zaxxer.hikari.pool.PoolBase - MyHikariPool - Established new connection (6300b2f8-81bc-4e2e-8223-c4edcb5e7e04)
2025-12-09 19:05:43 DEBUG [MyHikariPool:connection-adder] com.zaxxer.hikari.pool.HikariPool - MyHikariPool - Added connection com.mysql.cj.jdbc.ConnectionImpl@2ed9e25b
2025-12-09 19:05:43 DEBUG [MyHikariPool:connection-adder] com.zaxxer.hikari.pool.HikariPool - MyHikariPool - After adding stats (total=6/10, idle=5/5, active=1, waiting=0)
2025-12-09 19:05:43 WARN  [http-nio-8080-exec-3] c.a.w.controller.FollowController - Unauthenticated follow attempt to userId: 1
2025-12-09 19:05:43 WARN  [http-nio-8080-exec-5] c.a.w.controller.FollowController - Unauthenticated follow attempt to userId: 5
2025-12-09 19:05:43 WARN  [http-nio-8080-exec-8] c.a.w.controller.FollowController - Unauthenticated follow attempt to userId: 6
2025-12-09 19:05:43 WARN  [http-nio-8080-exec-10] c.a.w.controller.FollowController - Unauthenticated follow attempt to userId: 1
2025-12-09 19:05:43 WARN  [http-nio-8080-exec-4] c.a.w.controller.FollowController - Unauthenticated follow attempt to userId: 4
2025-12-09 19:05:43 WARN  [http-nio-8080-exec-6] c.a.w.controller.FollowController - Unauthenticated follow attempt to userId: 1
2025-12-09 19:05:43 WARN  [http-nio-8080-exec-9] c.a.w.controller.FollowController - Unauthenticated follow attempt to userId: 1
2025-12-09 19:05:43 WARN  [http-nio-8080-exec-7] c.a.w.controller.FollowController - Unauthenticated follow attempt to userId: 1
2025-12-09 19:05:43 WARN  [http-nio-8080-exec-10] c.a.w.controller.FollowController - Unauthenticated follow attempt to userId: 1
2025-12-09 19:05:43 WARN  [http-nio-8080-exec-3] c.a.w.controller.FollowController - Unauthenticated follow attempt to userId: 1
2025-12-09 19:06:13 DEBUG [MyHikariPool:housekeeper] com.zaxxer.hikari.pool.HikariPool - MyHikariPool - Before cleanup stats (total=6/10, idle=6/5, active=0, waiting=0)
2025-12-09 19:06:13 DEBUG [MyHikariPool:housekeeper] com.zaxxer.hikari.pool.HikariPool - MyHikariPool - After  cleanup stats (total=6/10, idle=6/5, active=0, waiting=0)
2025-12-09 19:06:13 DEBUG [MyHikariPool:housekeeper] com.zaxxer.hikari.pool.HikariPool - MyHikariPool - Fill pool skipped, pool has sufficient level or currently being filled.
2025-12-09 19:06:43 DEBUG [MyHikariPool:housekeeper] com.zaxxer.hikari.pool.HikariPool - MyHikariPool - Before cleanup stats (total=6/10, idle=6/5, active=0, waiting=0)
2025-12-09 19:06:43 DEBUG [MyHikariPool:housekeeper] com.zaxxer.hikari.pool.HikariPool - MyHikariPool - After  cleanup stats (total=5/10, idle=5/5, active=0, waiting=0)
2025-12-09 19:06:43 DEBUG [MyHikariPool:housekeeper] com.zaxxer.hikari.pool.HikariPool - MyHikariPool - Fill pool skipped, pool has sufficient level or currently being filled.
2025-12-09 19:06:43 DEBUG [MyHikariPool:connection-closer] com.zaxxer.hikari.pool.PoolBase - MyHikariPool - Closing connection com.mysql.cj.jdbc.ConnectionImpl@2ed9e25b: (connection has passed idleTimeout)
2025-12-09 19:06:51 DEBUG [MyHikariPool:housekeeper] com.zaxxer.hikari.pool.HikariPool - MyHikariPool - keepalive: connection com.mysql.cj.jdbc.ConnectionImpl@2fe53ce6 is alive
2025-12-09 19:06:55 DEBUG [MyHikariPool:housekeeper] com.zaxxer.hikari.pool.HikariPool - MyHikariPool - keepalive: connection com.mysql.cj.jdbc.ConnectionImpl@6ed836dd is alive
2025-12-09 19:07:01 DEBUG [MyHikariPool:housekeeper] com.zaxxer.hikari.pool.HikariPool - MyHikariPool - keepalive: connection com.mysql.cj.jdbc.ConnectionImpl@685e6a68 is alive
2025-12-09 19:07:01 DEBUG [MyHikariPool:housekeeper] com.zaxxer.hikari.pool.HikariPool - MyHikariPool - keepalive: connection com.mysql.cj.jdbc.ConnectionImpl@1e80913b is alive
2025-12-09 19:07:05 DEBUG [MyHikariPool:housekeeper] com.zaxxer.hikari.pool.HikariPool - MyHikariPool - keepalive: connection com.mysql.cj.jdbc.ConnectionImpl@4fcac3a9 is alive
2025-12-09 19:07:13 DEBUG [MyHikariPool:housekeeper] com.zaxxer.hikari.pool.HikariPool - MyHikariPool - Before cleanup stats (total=5/10, idle=5/5, active=0, waiting=0)
2025-12-09 19:07:13 DEBUG [MyHikariPool:housekeeper] com.zaxxer.hikari.pool.HikariPool - MyHikariPool - After  cleanup stats (total=5/10, idle=5/5, active=0, waiting=0)
2025-12-09 19:07:13 DEBUG [MyHikariPool:housekeeper] com.zaxxer.hikari.pool.HikariPool - MyHikariPool - Fill pool skipped, pool has sufficient level or currently being filled.
2025-12-09 19:07:23 INFO  [SpringApplicationShutdownHook] o.s.b.w.e.tomcat.GracefulShutdown - Commencing graceful shutdown. Waiting for active requests to complete
2025-12-09 19:07:23 INFO  [tomcat-shutdown] o.s.b.w.e.tomcat.GracefulShutdown - Graceful shutdown complete
2025-12-09 19:07:23 INFO  [SpringApplicationShutdownHook] o.s.o.j.LocalContainerEntityManagerFactoryBean - Closing JPA EntityManagerFactory for persistence unit 'default'
2025-12-09 19:07:23 INFO  [SpringApplicationShutdownHook] com.zaxxer.hikari.HikariDataSource - MyHikariPool - Shutdown initiated...
2025-12-09 19:07:23 DEBUG [SpringApplicationShutdownHook] com.zaxxer.hikari.pool.HikariPool - MyHikariPool - Before shutdown stats (total=5/10, idle=5/5, active=0, waiting=0)
2025-12-09 19:07:23 DEBUG [MyHikariPool:connection-closer] com.zaxxer.hikari.pool.PoolBase - MyHikariPool - Closing connection com.mysql.cj.jdbc.ConnectionImpl@685e6a68: (connection evicted)
2025-12-09 19:07:23 DEBUG [MyHikariPool:connection-closer] com.zaxxer.hikari.pool.PoolBase - MyHikariPool - Closing connection com.mysql.cj.jdbc.ConnectionImpl@6ed836dd: (connection evicted)
2025-12-09 19:07:23 DEBUG [MyHikariPool:connection-closer] com.zaxxer.hikari.pool.PoolBase - MyHikariPool - Closing connection com.mysql.cj.jdbc.ConnectionImpl@2fe53ce6: (connection evicted)
2025-12-09 19:07:23 DEBUG [MyHikariPool:connection-closer] com.zaxxer.hikari.pool.PoolBase - MyHikariPool - Closing connection com.mysql.cj.jdbc.ConnectionImpl@1e80913b: (connection evicted)
2025-12-09 19:07:23 DEBUG [MyHikariPool:connection-closer] com.zaxxer.hikari.pool.PoolBase - MyHikariPool - Closing connection com.mysql.cj.jdbc.ConnectionImpl@4fcac3a9: (connection evicted)
2025-12-09 19:07:23 DEBUG [SpringApplicationShutdownHook] com.zaxxer.hikari.pool.HikariPool - MyHikariPool - After  shutdown stats (total=0/10, idle=0/5, active=0, waiting=0)
2025-12-09 19:07:23 INFO  [SpringApplicationShutdownHook] com.zaxxer.hikari.HikariDataSource - MyHikariPool - Shutdown completed.
